-- Found ament_cmake: 1.3.5 (/opt/ros/humble/share/ament_cmake/cmake)
-- Found rclcpp: 16.0.6 (/opt/ros/humble/share/rclcpp/cmake)
-- Found rosidl_generator_c: 3.1.5 (/opt/ros/humble/share/rosidl_generator_c/cmake)
-- Found rosidl_adapter: 3.1.5 (/opt/ros/humble/share/rosidl_adapter/cmake)
-- Found rosidl_generator_cpp: 3.1.5 (/opt/ros/humble/share/rosidl_generator_cpp/cmake)
-- Using all available rosidl_typesupport_c: rosidl_typesupport_fastrtps_c;rosidl_typesupport_introspection_c
-- Using all available rosidl_typesupport_cpp: rosidl_typesupport_fastrtps_cpp;rosidl_typesupport_introspection_cpp
-- Found rmw_implementation_cmake: 6.1.1 (/opt/ros/humble/share/rmw_implementation_cmake/cmake)
-- Found rmw_fastrtps_cpp: 6.2.4 (/opt/ros/humble/share/rmw_fastrtps_cpp/cmake)
-- Using RMW implementation 'rmw_fastrtps_cpp' as default
-- Found geometry_msgs: 4.2.3 (/opt/ros/humble/share/geometry_msgs/cmake)
-- Found ament_lint_auto: 0.12.8 (/opt/ros/humble/share/ament_lint_auto/cmake)
[31mCMake Error at /opt/ros/humble/share/ament_lint_auto/cmake/ament_lint_auto-extras.cmake:18 (message):
  find_package(ament_lint_auto) must be called before ament_package()
Call Stack (most recent call first):
  /opt/ros/humble/share/ament_lint_auto/cmake/ament_lint_autoConfig.cmake:41 (include)
  CMakeLists.txt:24 (find_package)

[0m
-- Configuring incomplete, errors occurred!
See also "/home/wael/wael_ws/wael_package/build/wael_package/CMakeFiles/CMakeOutput.log".
gmake: *** [Makefile:226: cmake_check_build_system] Error 1
