[0.114s] Invoking command in '/home/wael/wael_ws/wael_package/build/wael_package': CMAKE_PREFIX_PATH=${CMAKE_PREFIX_PATH}:/opt/ros/humble /usr/bin/cmake --build /home/wael/wael_ws/wael_package/build/wael_package -- -j4 -l4
[0.141s] -- Found ament_cmake: 1.3.5 (/opt/ros/humble/share/ament_cmake/cmake)
[0.309s] -- Found rclcpp: 16.0.6 (/opt/ros/humble/share/rclcpp/cmake)
[0.346s] -- Found rosidl_generator_c: 3.1.5 (/opt/ros/humble/share/rosidl_generator_c/cmake)
[0.349s] -- Found rosidl_adapter: 3.1.5 (/opt/ros/humble/share/rosidl_adapter/cmake)
[0.357s] -- Found rosidl_generator_cpp: 3.1.5 (/opt/ros/humble/share/rosidl_generator_cpp/cmake)
[0.370s] -- Using all available rosidl_typesupport_c: rosidl_typesupport_fastrtps_c;rosidl_typesupport_introspection_c
[0.390s] -- Using all available rosidl_typesupport_cpp: rosidl_typesupport_fastrtps_cpp;rosidl_typesupport_introspection_cpp
[0.464s] -- Found rmw_implementation_cmake: 6.1.1 (/opt/ros/humble/share/rmw_implementation_cmake/cmake)
[0.466s] -- Found rmw_fastrtps_cpp: 6.2.4 (/opt/ros/humble/share/rmw_fastrtps_cpp/cmake)
[0.610s] -- Using RMW implementation 'rmw_fastrtps_cpp' as default
[0.806s] -- Found geometry_msgs: 4.2.3 (/opt/ros/humble/share/geometry_msgs/cmake)
[0.952s] -- Found ament_lint_auto: 0.12.8 (/opt/ros/humble/share/ament_lint_auto/cmake)
[0.952s] [31mCMake Error at /opt/ros/humble/share/ament_lint_auto/cmake/ament_lint_auto-extras.cmake:18 (message):
[0.952s]   find_package(ament_lint_auto) must be called before ament_package()
[0.952s] Call Stack (most recent call first):
[0.952s]   /opt/ros/humble/share/ament_lint_auto/cmake/ament_lint_autoConfig.cmake:41 (include)
[0.952s]   CMakeLists.txt:24 (find_package)
[0.952s] 
[0.952s] [0m
[0.952s] -- Configuring incomplete, errors occurred!
[0.952s] See also "/home/wael/wael_ws/wael_package/build/wael_package/CMakeFiles/CMakeOutput.log".
[0.960s] gmake: *** [Makefile:226: cmake_check_build_system] Error 1
[0.962s] Invoked command in '/home/wael/wael_ws/wael_package/build/wael_package' returned '2': CMAKE_PREFIX_PATH=${CMAKE_PREFIX_PATH}:/opt/ros/humble /usr/bin/cmake --build /home/wael/wael_ws/wael_package/build/wael_package -- -j4 -l4
