[0.109s] Invoking command in '/home/wael/wael_ws/wael_package/build/wael_package': CMAKE_PREFIX_PATH=${CMAKE_PREFIX_PATH}:/opt/ros/humble /usr/bin/cmake --build /home/wael/wael_ws/wael_package/build/wael_package -- -j4 -l4
[0.135s] -- Found ament_cmake: 1.3.5 (/opt/ros/humble/share/ament_cmake/cmake)
[0.302s] -- Found ament_lint_auto: 0.12.8 (/opt/ros/humble/share/ament_lint_auto/cmake)
[0.415s] -- Added test 'cppcheck' to perform static code analysis on C / C++ code
[0.416s] -- Configured cppcheck include dirs: 
[0.416s] -- Configured cppcheck exclude dirs and/or files: 
[0.420s] -- Added test 'flake8' to check Python code syntax and style conventions
[0.430s] -- Added test 'lint_cmake' to check CMake code style
[0.434s] -- Added test 'pep257' to check Python code against some of the docstring style conventions in PEP 257
[0.467s] -- Added test 'uncrustify' to check C / C++ code style
[0.467s] -- Configured uncrustify additional arguments: 
[0.472s] -- Added test 'xmllint' to check XML markup files
[0.473s] -- Configuring done
[0.476s] -- Generating done
[0.478s] -- Build files have been written to: /home/wael/wael_ws/wael_package/build/wael_package
[0.502s] Invoked command in '/home/wael/wael_ws/wael_package/build/wael_package' returned '0': CMAKE_PREFIX_PATH=${CMAKE_PREFIX_PATH}:/opt/ros/humble /usr/bin/cmake --build /home/wael/wael_ws/wael_package/build/wael_package -- -j4 -l4
[0.538s] Invoking command in '/home/wael/wael_ws/wael_package/build/wael_package': CMAKE_PREFIX_PATH=${CMAKE_PREFIX_PATH}:/opt/ros/humble /usr/bin/cmake --install /home/wael/wael_ws/wael_package/build/wael_package
[0.547s] -- Install configuration: ""
[0.547s] -- Up-to-date: /home/wael/wael_ws/wael_package/install/wael_package/share/wael_package/src
[0.547s] -- Up-to-date: /home/wael/wael_ws/wael_package/install/wael_package/share/wael_package/src/urdf
[0.547s] -- Up-to-date: /home/wael/wael_ws/wael_package/install/wael_package/share/wael_package/src/urdf/fyp_kal_robot_description.urdf
[0.547s] -- Up-to-date: /home/wael/wael_ws/wael_package/install/wael_package/share/wael_package/src/urdf/kal_gazebo.xacro
[0.548s] -- Up-to-date: /home/wael/wael_ws/wael_package/install/wael_package/share/wael_package/src/description
[0.548s] -- Up-to-date: /home/wael/wael_ws/wael_package/install/wael_package/share/wael_package/src/description/new_fyp.urdf
[0.548s] -- Installing: /home/wael/wael_ws/wael_package/install/wael_package/share/wael_package/src/robot_control.cpp
[0.548s] -- Up-to-date: /home/wael/wael_ws/wael_package/install/wael_package/share/wael_package/launch
[0.548s] -- Up-to-date: /home/wael/wael_ws/wael_package/install/wael_package/share/wael_package/launch/old
[0.549s] -- Up-to-date: /home/wael/wael_ws/wael_package/install/wael_package/share/wael_package/launch/old/display.launch2.py
[0.549s] -- Up-to-date: /home/wael/wael_ws/wael_package/install/wael_package/share/wael_package/launch/old/display.launch.py
[0.549s] -- Up-to-date: /home/wael/wael_ws/wael_package/install/wael_package/share/wael_package/launch/new.display.launch.py
[0.549s] -- Up-to-date: /home/wael/wael_ws/wael_package/install/wael_package/share/wael_package/rviz
[0.549s] -- Up-to-date: /home/wael/wael_ws/wael_package/install/wael_package/share/wael_package/rviz/urdf_config.rviz
[0.549s] -- Up-to-date: /home/wael/wael_ws/wael_package/install/wael_package/share/wael_package/config
[0.550s] -- Up-to-date: /home/wael/wael_ws/wael_package/install/wael_package/share/wael_package/config/ekf.yaml
[0.550s] -- Up-to-date: /home/wael/wael_ws/wael_package/install/wael_package/share/ament_index/resource_index/package_run_dependencies/wael_package
[0.550s] -- Up-to-date: /home/wael/wael_ws/wael_package/install/wael_package/share/ament_index/resource_index/parent_prefix_path/wael_package
[0.550s] -- Up-to-date: /home/wael/wael_ws/wael_package/install/wael_package/share/wael_package/environment/ament_prefix_path.sh
[0.550s] -- Installing: /home/wael/wael_ws/wael_package/install/wael_package/share/wael_package/environment/ament_prefix_path.dsv
[0.550s] -- Up-to-date: /home/wael/wael_ws/wael_package/install/wael_package/share/wael_package/environment/path.sh
[0.550s] -- Installing: /home/wael/wael_ws/wael_package/install/wael_package/share/wael_package/environment/path.dsv
[0.550s] -- Up-to-date: /home/wael/wael_ws/wael_package/install/wael_package/share/wael_package/local_setup.bash
[0.551s] -- Up-to-date: /home/wael/wael_ws/wael_package/install/wael_package/share/wael_package/local_setup.sh
[0.551s] -- Up-to-date: /home/wael/wael_ws/wael_package/install/wael_package/share/wael_package/local_setup.zsh
[0.551s] -- Installing: /home/wael/wael_ws/wael_package/install/wael_package/share/wael_package/local_setup.dsv
[0.551s] -- Installing: /home/wael/wael_ws/wael_package/install/wael_package/share/wael_package/package.dsv
[0.551s] -- Up-to-date: /home/wael/wael_ws/wael_package/install/wael_package/share/ament_index/resource_index/packages/wael_package
[0.551s] -- Up-to-date: /home/wael/wael_ws/wael_package/install/wael_package/share/wael_package/cmake/wael_packageConfig.cmake
[0.551s] -- Up-to-date: /home/wael/wael_ws/wael_package/install/wael_package/share/wael_package/cmake/wael_packageConfig-version.cmake
[0.551s] -- Up-to-date: /home/wael/wael_ws/wael_package/install/wael_package/share/wael_package/package.xml
[0.552s] Invoked command in '/home/wael/wael_ws/wael_package/build/wael_package' returned '0': CMAKE_PREFIX_PATH=${CMAKE_PREFIX_PATH}:/opt/ros/humble /usr/bin/cmake --install /home/wael/wael_ws/wael_package/build/wael_package
