[0.108s] Invoking command in '/home/wael/wael_ws/wael_package/build/wael_package': CMAKE_PREFIX_PATH=${CMAKE_PREFIX_PATH}:/opt/ros/humble /usr/bin/cmake --build /home/wael/wael_ws/wael_package/build/wael_package -- -j4 -l4
[0.136s] -- Found ament_cmake: 1.3.5 (/opt/ros/humble/share/ament_cmake/cmake)
[0.298s] -- Found rclcpp: 16.0.6 (/opt/ros/humble/share/rclcpp/cmake)
[0.335s] -- Found rosidl_generator_c: 3.1.5 (/opt/ros/humble/share/rosidl_generator_c/cmake)
[0.339s] -- Found rosidl_adapter: 3.1.5 (/opt/ros/humble/share/rosidl_adapter/cmake)
[0.347s] -- Found rosidl_generator_cpp: 3.1.5 (/opt/ros/humble/share/rosidl_generator_cpp/cmake)
[0.360s] -- Using all available rosidl_typesupport_c: rosidl_typesupport_fastrtps_c;rosidl_typesupport_introspection_c
[0.379s] -- Using all available rosidl_typesupport_cpp: rosidl_typesupport_fastrtps_cpp;rosidl_typesupport_introspection_cpp
[0.455s] -- Found rmw_implementation_cmake: 6.1.1 (/opt/ros/humble/share/rmw_implementation_cmake/cmake)
[0.456s] -- Found rmw_fastrtps_cpp: 6.2.4 (/opt/ros/humble/share/rmw_fastrtps_cpp/cmake)
[0.597s] -- Using RMW implementation 'rmw_fastrtps_cpp' as default
[0.791s] -- Found geometry_msgs: 4.2.3 (/opt/ros/humble/share/geometry_msgs/cmake)
[0.845s] -- Found ament_lint_auto: 0.12.8 (/opt/ros/humble/share/ament_lint_auto/cmake)
[0.925s] -- Configuring done
[0.937s] -- Generating done
[0.939s] -- Build files have been written to: /home/wael/wael_ws/wael_package/build/wael_package
[0.969s] [35m[1mConsolidate compiler generated dependencies of target robot_control[0m
[0.988s] [ 50%] [32m[1mLinking CXX executable robot_control[0m
[1.210s] [100%] Built target robot_control
[1.223s] Invoked command in '/home/wael/wael_ws/wael_package/build/wael_package' returned '0': CMAKE_PREFIX_PATH=${CMAKE_PREFIX_PATH}:/opt/ros/humble /usr/bin/cmake --build /home/wael/wael_ws/wael_package/build/wael_package -- -j4 -l4
[1.261s] Invoking command in '/home/wael/wael_ws/wael_package/build/wael_package': CMAKE_PREFIX_PATH=${CMAKE_PREFIX_PATH}:/opt/ros/humble /usr/bin/cmake --install /home/wael/wael_ws/wael_package/build/wael_package
[1.270s] -- Install configuration: ""
[1.270s] -- Up-to-date: /home/wael/wael_ws/wael_package/install/wael_package/share/wael_package/src
[1.270s] -- Up-to-date: /home/wael/wael_ws/wael_package/install/wael_package/share/wael_package/src/urdf
[1.270s] -- Up-to-date: /home/wael/wael_ws/wael_package/install/wael_package/share/wael_package/src/urdf/fyp_kal_robot_description.urdf
[1.271s] -- Up-to-date: /home/wael/wael_ws/wael_package/install/wael_package/share/wael_package/src/urdf/kal_gazebo.xacro
[1.271s] -- Up-to-date: /home/wael/wael_ws/wael_package/install/wael_package/share/wael_package/src/description
[1.271s] -- Up-to-date: /home/wael/wael_ws/wael_package/install/wael_package/share/wael_package/src/description/new_fyp.urdf
[1.271s] -- Installing: /home/wael/wael_ws/wael_package/install/wael_package/share/wael_package/src/robot_control.cpp
[1.271s] -- Up-to-date: /home/wael/wael_ws/wael_package/install/wael_package/share/wael_package/launch
[1.271s] -- Up-to-date: /home/wael/wael_ws/wael_package/install/wael_package/share/wael_package/launch/old
[1.272s] -- Up-to-date: /home/wael/wael_ws/wael_package/install/wael_package/share/wael_package/launch/old/display.launch2.py
[1.272s] -- Up-to-date: /home/wael/wael_ws/wael_package/install/wael_package/share/wael_package/launch/old/display.launch.py
[1.272s] -- Up-to-date: /home/wael/wael_ws/wael_package/install/wael_package/share/wael_package/launch/new.display.launch.py
[1.272s] -- Up-to-date: /home/wael/wael_ws/wael_package/install/wael_package/share/wael_package/rviz
[1.272s] -- Up-to-date: /home/wael/wael_ws/wael_package/install/wael_package/share/wael_package/rviz/urdf_config.rviz
[1.272s] -- Up-to-date: /home/wael/wael_ws/wael_package/install/wael_package/share/wael_package/config
[1.273s] -- Up-to-date: /home/wael/wael_ws/wael_package/install/wael_package/share/wael_package/config/ekf.yaml
[1.273s] -- Up-to-date: /home/wael/wael_ws/wael_package/install/wael_package/share/ament_index/resource_index/package_run_dependencies/wael_package
[1.273s] -- Up-to-date: /home/wael/wael_ws/wael_package/install/wael_package/share/ament_index/resource_index/parent_prefix_path/wael_package
[1.273s] -- Up-to-date: /home/wael/wael_ws/wael_package/install/wael_package/share/wael_package/environment/ament_prefix_path.sh
[1.273s] -- Installing: /home/wael/wael_ws/wael_package/install/wael_package/share/wael_package/environment/ament_prefix_path.dsv
[1.273s] -- Up-to-date: /home/wael/wael_ws/wael_package/install/wael_package/share/wael_package/environment/path.sh
[1.273s] -- Installing: /home/wael/wael_ws/wael_package/install/wael_package/share/wael_package/environment/path.dsv
[1.273s] -- Up-to-date: /home/wael/wael_ws/wael_package/install/wael_package/share/wael_package/local_setup.bash
[1.273s] -- Up-to-date: /home/wael/wael_ws/wael_package/install/wael_package/share/wael_package/local_setup.sh
[1.274s] -- Up-to-date: /home/wael/wael_ws/wael_package/install/wael_package/share/wael_package/local_setup.zsh
[1.274s] -- Installing: /home/wael/wael_ws/wael_package/install/wael_package/share/wael_package/local_setup.dsv
[1.274s] -- Installing: /home/wael/wael_ws/wael_package/install/wael_package/share/wael_package/package.dsv
[1.274s] -- Up-to-date: /home/wael/wael_ws/wael_package/install/wael_package/share/ament_index/resource_index/packages/wael_package
[1.274s] -- Up-to-date: /home/wael/wael_ws/wael_package/install/wael_package/share/wael_package/cmake/wael_packageConfig.cmake
[1.274s] -- Up-to-date: /home/wael/wael_ws/wael_package/install/wael_package/share/wael_package/cmake/wael_packageConfig-version.cmake
[1.274s] -- Up-to-date: /home/wael/wael_ws/wael_package/install/wael_package/share/wael_package/package.xml
[1.275s] Invoked command in '/home/wael/wael_ws/wael_package/build/wael_package' returned '0': CMAKE_PREFIX_PATH=${CMAKE_PREFIX_PATH}:/opt/ros/humble /usr/bin/cmake --install /home/wael/wael_ws/wael_package/build/wael_package
