-- Install configuration: ""
-- Execute custom install script
-- Up-to-date symlink: /home/wael/wael_ws/wael_package/install/wael_package/share/wael_package/src/description/base.xacro
-- Up-to-date symlink: /home/wael/wael_ws/wael_package/install/wael_package/share/wael_package/src/description/gazebo.xacro
-- Up-to-date symlink: /home/wael/wael_ws/wael_package/install/wael_package/share/wael_package/src/description/inertial_fns.xacro
-- Up-to-date symlink: /home/wael/wael_ws/wael_package/install/wael_package/share/wael_package/src/description/lidar.xacro
-- Up-to-date symlink: /home/wael/wael_ws/wael_package/install/wael_package/share/wael_package/src/description/main.urdf
-- Up-to-date symlink: /home/wael/wael_ws/wael_package/install/wael_package/share/wael_package/src/description/ros2_control.xacro
-- Up-to-date symlink: /home/wael/wael_ws/wael_package/install/wael_package/share/wael_package/src/description/sensors.xacro
-- Up-to-date symlink: /home/wael/wael_ws/wael_package/install/wael_package/share/wael_package/src/description/wheels.xacro
-- Up-to-date symlink: /home/wael/wael_ws/wael_package/install/wael_package/share/wael_package/launch/localization_launch.py
-- Up-to-date symlink: /home/wael/wael_ws/wael_package/install/wael_package/share/wael_package/launch/navigation_launch.py
-- Up-to-date symlink: /home/wael/wael_ws/wael_package/install/wael_package/share/wael_package/launch/new.display.launch.py
-- Up-to-date symlink: /home/wael/wael_ws/wael_package/install/wael_package/share/wael_package/launch/old/display.launch.py
-- Up-to-date symlink: /home/wael/wael_ws/wael_package/install/wael_package/share/wael_package/launch/old/display.launch2.py
-- Up-to-date symlink: /home/wael/wael_ws/wael_package/install/wael_package/share/wael_package/launch/online_async_launch.py
-- Up-to-date symlink: /home/wael/wael_ws/wael_package/install/wael_package/share/wael_package/launch/rsp.launch.py
-- Up-to-date symlink: /home/wael/wael_ws/wael_package/install/wael_package/share/wael_package/launch/test_launch.py
-- Up-to-date symlink: /home/wael/wael_ws/wael_package/install/wael_package/share/wael_package/rviz/urdf_config.rviz
-- Up-to-date symlink: /home/wael/wael_ws/wael_package/install/wael_package/share/wael_package/config/gazebo_params.yaml
-- Up-to-date symlink: /home/wael/wael_ws/wael_package/install/wael_package/share/wael_package/config/mapper_params_localization.yaml
-- Up-to-date symlink: /home/wael/wael_ws/wael_package/install/wael_package/share/wael_package/config/mapper_params_online_async.yaml
-- Up-to-date symlink: /home/wael/wael_ws/wael_package/install/wael_package/share/wael_package/config/my_controllers.yaml
-- Up-to-date symlink: /home/wael/wael_ws/wael_package/install/wael_package/share/wael_package/config/nav2_params.yaml
-- Up-to-date symlink: /home/wael/wael_ws/wael_package/install/wael_package/share/wael_package/config/twist_mux.yaml
-- Up-to-date symlink: /home/wael/wael_ws/wael_package/install/wael_package/share/wael_package/world/my_world.sdf
-- Up-to-date symlink: /home/wael/wael_ws/wael_package/install/wael_package/share/wael_package/world/wael_office.world
-- Up-to-date symlink: /home/wael/wael_ws/wael_package/install/wael_package/share/wael_package/world/waell.sdf
-- Up-to-date symlink: /home/wael/wael_ws/wael_package/install/wael_package/share/ament_index/resource_index/package_run_dependencies/wael_package
-- Up-to-date symlink: /home/wael/wael_ws/wael_package/install/wael_package/share/ament_index/resource_index/parent_prefix_path/wael_package
-- Up-to-date symlink: /home/wael/wael_ws/wael_package/install/wael_package/share/wael_package/environment/ament_prefix_path.sh
-- Up-to-date symlink: /home/wael/wael_ws/wael_package/install/wael_package/share/wael_package/environment/ament_prefix_path.dsv
-- Up-to-date symlink: /home/wael/wael_ws/wael_package/install/wael_package/share/wael_package/environment/path.sh
-- Up-to-date symlink: /home/wael/wael_ws/wael_package/install/wael_package/share/wael_package/environment/path.dsv
-- Up-to-date symlink: /home/wael/wael_ws/wael_package/install/wael_package/share/wael_package/local_setup.bash
-- Up-to-date symlink: /home/wael/wael_ws/wael_package/install/wael_package/share/wael_package/local_setup.sh
-- Up-to-date symlink: /home/wael/wael_ws/wael_package/install/wael_package/share/wael_package/local_setup.zsh
-- Up-to-date symlink: /home/wael/wael_ws/wael_package/install/wael_package/share/wael_package/local_setup.dsv
-- Symlinking: /home/wael/wael_ws/wael_package/install/wael_package/share/wael_package/package.dsv
-- Up-to-date symlink: /home/wael/wael_ws/wael_package/install/wael_package/share/ament_index/resource_index/packages/wael_package
-- Up-to-date symlink: /home/wael/wael_ws/wael_package/install/wael_package/share/wael_package/cmake/wael_packageConfig.cmake
-- Up-to-date symlink: /home/wael/wael_ws/wael_package/install/wael_package/share/wael_package/cmake/wael_packageConfig-version.cmake
-- Up-to-date symlink: /home/wael/wael_ws/wael_package/install/wael_package/share/wael_package/package.xml
