[1.149s] DEBUG:colcon:Command line arguments: ['/usr/bin/colcon', 'build']
[1.149s] DEBUG:colcon:Parsed command line arguments: Namespace(log_base=None, log_level=None, verb_name='build', build_base='build', install_base='install', merge_install=False, symlink_install=False, test_result_base=None, continue_on_error=False, executor='parallel', parallel_workers=4, event_handlers=None, ignore_user_meta=False, metas=['./colcon.meta'], base_paths=['.'], packages_ignore=None, packages_ignore_regex=None, paths=None, packages_up_to=None, packages_up_to_regex=None, packages_above=None, packages_above_and_dependencies=None, packages_above_depth=None, packages_select_by_dep=None, packages_skip_by_dep=None, packages_skip_up_to=None, packages_select_build_failed=False, packages_skip_build_finished=False, packages_select_test_failures=False, packages_skip_test_passed=False, packages_select=None, packages_skip=None, packages_select_regex=None, packages_skip_regex=None, packages_start=None, packages_end=None, allow_overriding=[], cmake_args=None, cmake_target=None, cmake_target_skip_unavailable=False, cmake_clean_cache=False, cmake_clean_first=False, cmake_force_configure=False, ament_cmake_args=None, catkin_cmake_args=None, catkin_skip_building_tests=False, verb_parser=<colcon_defaults.argument_parser.defaults.DefaultArgumentsDecorator object at 0x7f00d9a1e5f0>, verb_extension=<colcon_core.verb.build.BuildVerb object at 0x7f00d9a01360>, main=<bound method BuildVerb.main of <colcon_core.verb.build.BuildVerb object at 0x7f00d9a01360>>)
[1.202s] Level 1:colcon.colcon_core.package_discovery:discover_packages(colcon_meta) check parameters
[1.202s] Level 1:colcon.colcon_core.package_discovery:discover_packages(recursive) check parameters
[1.202s] Level 1:colcon.colcon_core.package_discovery:discover_packages(ignore) check parameters
[1.202s] Level 1:colcon.colcon_core.package_discovery:discover_packages(path) check parameters
[1.202s] Level 1:colcon.colcon_core.package_discovery:discover_packages(colcon_meta) discover
[1.202s] Level 1:colcon.colcon_core.package_discovery:discover_packages(recursive) discover
[1.202s] INFO:colcon.colcon_core.package_discovery:Crawling recursively for packages in '/home/wael/wael_ws/wael_package'
[1.202s] Level 1:colcon.colcon_core.package_identification:_identify(.) by extensions ['ignore', 'ignore_ament_install']
[1.202s] Level 1:colcon.colcon_core.package_identification:_identify(.) by extension 'ignore'
[1.202s] Level 1:colcon.colcon_core.package_identification:_identify(.) by extension 'ignore_ament_install'
[1.202s] Level 1:colcon.colcon_core.package_identification:_identify(.) by extensions ['colcon_pkg']
[1.203s] Level 1:colcon.colcon_core.package_identification:_identify(.) by extension 'colcon_pkg'
[1.203s] Level 1:colcon.colcon_core.package_identification:_identify(.) by extensions ['colcon_meta']
[1.203s] Level 1:colcon.colcon_core.package_identification:_identify(.) by extension 'colcon_meta'
[1.203s] Level 1:colcon.colcon_core.package_identification:_identify(.) by extensions ['ros']
[1.203s] Level 1:colcon.colcon_core.package_identification:_identify(.) by extension 'ros'
[1.216s] DEBUG:colcon.colcon_core.package_identification:Package '.' with type 'ros.ament_cmake' and name 'wael_package'
[1.216s] Level 1:colcon.colcon_core.package_discovery:discover_packages(recursive) using defaults
[1.216s] Level 1:colcon.colcon_core.package_discovery:discover_packages(ignore) discover
[1.216s] Level 1:colcon.colcon_core.package_discovery:discover_packages(ignore) using defaults
[1.216s] Level 1:colcon.colcon_core.package_discovery:discover_packages(path) discover
[1.216s] Level 1:colcon.colcon_core.package_discovery:discover_packages(path) using defaults
[1.322s] Level 1:colcon.colcon_core.package_discovery:discover_packages(prefix_path) check parameters
[1.323s] Level 1:colcon.colcon_core.package_discovery:discover_packages(prefix_path) discover
[1.358s] DEBUG:colcon.colcon_installed_package_information.package_discovery:Found 1 installed packages in /home/wael/wael_ws/wael_package/install
[1.375s] DEBUG:colcon.colcon_installed_package_information.package_discovery:Found 1 installed packages in /home/wael/wael_ws/install
[1.394s] DEBUG:colcon.colcon_installed_package_information.package_discovery:Found 370 installed packages in /opt/ros/humble
[1.409s] Level 1:colcon.colcon_core.package_discovery:discover_packages(prefix_path) using defaults
[1.524s] Level 5:colcon.colcon_core.verb:set package 'wael_package' build argument 'cmake_args' from command line to 'None'
[1.524s] Level 5:colcon.colcon_core.verb:set package 'wael_package' build argument 'cmake_target' from command line to 'None'
[1.524s] Level 5:colcon.colcon_core.verb:set package 'wael_package' build argument 'cmake_target_skip_unavailable' from command line to 'False'
[1.524s] Level 5:colcon.colcon_core.verb:set package 'wael_package' build argument 'cmake_clean_cache' from command line to 'False'
[1.524s] Level 5:colcon.colcon_core.verb:set package 'wael_package' build argument 'cmake_clean_first' from command line to 'False'
[1.524s] Level 5:colcon.colcon_core.verb:set package 'wael_package' build argument 'cmake_force_configure' from command line to 'False'
[1.524s] Level 5:colcon.colcon_core.verb:set package 'wael_package' build argument 'ament_cmake_args' from command line to 'None'
[1.524s] Level 5:colcon.colcon_core.verb:set package 'wael_package' build argument 'catkin_cmake_args' from command line to 'None'
[1.524s] Level 5:colcon.colcon_core.verb:set package 'wael_package' build argument 'catkin_skip_building_tests' from command line to 'False'
[1.524s] DEBUG:colcon.colcon_core.verb:Building package 'wael_package' with the following arguments: {'ament_cmake_args': None, 'build_base': '/home/wael/wael_ws/wael_package/build/wael_package', 'catkin_cmake_args': None, 'catkin_skip_building_tests': False, 'cmake_args': None, 'cmake_clean_cache': False, 'cmake_clean_first': False, 'cmake_force_configure': False, 'cmake_target': None, 'cmake_target_skip_unavailable': False, 'install_base': '/home/wael/wael_ws/wael_package/install/wael_package', 'merge_install': False, 'path': '/home/wael/wael_ws/wael_package', 'symlink_install': False, 'test_result_base': None}
[1.541s] INFO:colcon.colcon_core.executor:Executing jobs using 'parallel' executor
[1.558s] DEBUG:colcon.colcon_parallel_executor.executor.parallel:run_until_complete
[1.559s] INFO:colcon.colcon_ros.task.ament_cmake.build:Building ROS package in '/home/wael/wael_ws/wael_package' with build type 'ament_cmake'
[1.559s] INFO:colcon.colcon_cmake.task.cmake.build:Building CMake package in '/home/wael/wael_ws/wael_package'
[1.578s] INFO:colcon.colcon_core.plugin_system:Skipping extension 'colcon_core.shell.bat': Not used on non-Windows systems
[1.578s] INFO:colcon.colcon_core.shell:Skip shell extension 'powershell' for command environment: Not usable outside of PowerShell
[1.579s] DEBUG:colcon.colcon_core.shell:Skip shell extension 'dsv' for command environment
[1.658s] DEBUG:colcon.colcon_core.event_handler.log_command:Invoking command in '/home/wael/wael_ws/wael_package/build/wael_package': CMAKE_PREFIX_PATH=${CMAKE_PREFIX_PATH}:/opt/ros/humble /usr/bin/cmake --build /home/wael/wael_ws/wael_package/build/wael_package -- -j4 -l4
[1.695s] DEBUG:colcon.colcon_core.event_handler.log_command:Invoked command in '/home/wael/wael_ws/wael_package/build/wael_package' returned '0': CMAKE_PREFIX_PATH=${CMAKE_PREFIX_PATH}:/opt/ros/humble /usr/bin/cmake --build /home/wael/wael_ws/wael_package/build/wael_package -- -j4 -l4
[1.729s] DEBUG:colcon.colcon_core.event_handler.log_command:Invoking command in '/home/wael/wael_ws/wael_package/build/wael_package': CMAKE_PREFIX_PATH=${CMAKE_PREFIX_PATH}:/opt/ros/humble /usr/bin/cmake --install /home/wael/wael_ws/wael_package/build/wael_package
[1.739s] Level 1:colcon.colcon_core.environment:create_environment_scripts_only(wael_package)
[1.740s] DEBUG:colcon.colcon_core.event_handler.log_command:Invoked command in '/home/wael/wael_ws/wael_package/build/wael_package' returned '0': CMAKE_PREFIX_PATH=${CMAKE_PREFIX_PATH}:/opt/ros/humble /usr/bin/cmake --install /home/wael/wael_ws/wael_package/build/wael_package
[1.760s] Level 1:colcon.colcon_core.environment:checking '/home/wael/wael_ws/wael_package/install/wael_package' for CMake module files
[1.761s] Level 1:colcon.colcon_core.environment:checking '/home/wael/wael_ws/wael_package/install/wael_package' for CMake config files
[1.761s] Level 1:colcon.colcon_core.shell:create_environment_hook('wael_package', 'cmake_prefix_path')
[1.778s] INFO:colcon.colcon_core.shell:Creating environment hook '/home/wael/wael_ws/wael_package/install/wael_package/share/wael_package/hook/cmake_prefix_path.ps1'
[1.778s] INFO:colcon.colcon_core.shell:Creating environment descriptor '/home/wael/wael_ws/wael_package/install/wael_package/share/wael_package/hook/cmake_prefix_path.dsv'
[1.779s] INFO:colcon.colcon_core.shell:Creating environment hook '/home/wael/wael_ws/wael_package/install/wael_package/share/wael_package/hook/cmake_prefix_path.sh'
[1.779s] Level 1:colcon.colcon_core.environment:checking '/home/wael/wael_ws/wael_package/install/wael_package/bin'
[1.780s] Level 1:colcon.colcon_core.environment:checking '/home/wael/wael_ws/wael_package/install/wael_package/lib/pkgconfig/wael_package.pc'
[1.780s] Level 1:colcon.colcon_core.environment:checking '/home/wael/wael_ws/wael_package/install/wael_package/lib/python3.10/site-packages'
[1.780s] Level 1:colcon.colcon_core.environment:checking '/home/wael/wael_ws/wael_package/install/wael_package/bin'
[1.797s] INFO:colcon.colcon_core.shell:Creating package script '/home/wael/wael_ws/wael_package/install/wael_package/share/wael_package/package.ps1'
[1.798s] INFO:colcon.colcon_core.shell:Creating package descriptor '/home/wael/wael_ws/wael_package/install/wael_package/share/wael_package/package.dsv'
[1.799s] INFO:colcon.colcon_core.shell:Creating package script '/home/wael/wael_ws/wael_package/install/wael_package/share/wael_package/package.sh'
[1.799s] INFO:colcon.colcon_core.shell:Creating package script '/home/wael/wael_ws/wael_package/install/wael_package/share/wael_package/package.bash'
[1.800s] INFO:colcon.colcon_core.shell:Creating package script '/home/wael/wael_ws/wael_package/install/wael_package/share/wael_package/package.zsh'
[1.801s] Level 1:colcon.colcon_core.environment:create_file_with_runtime_dependencies(/home/wael/wael_ws/wael_package/install/wael_package/share/colcon-core/packages/wael_package)
[1.840s] Level 1:colcon.colcon_core.environment:create_environment_scripts_only(wael_package)
[1.857s] Level 1:colcon.colcon_core.environment:checking '/home/wael/wael_ws/wael_package/install/wael_package' for CMake module files
[1.857s] Level 1:colcon.colcon_core.environment:checking '/home/wael/wael_ws/wael_package/install/wael_package' for CMake config files
[1.857s] Level 1:colcon.colcon_core.shell:create_environment_hook('wael_package', 'cmake_prefix_path')
[1.875s] INFO:colcon.colcon_core.shell:Creating environment hook '/home/wael/wael_ws/wael_package/install/wael_package/share/wael_package/hook/cmake_prefix_path.ps1'
[1.875s] INFO:colcon.colcon_core.shell:Creating environment descriptor '/home/wael/wael_ws/wael_package/install/wael_package/share/wael_package/hook/cmake_prefix_path.dsv'
[1.876s] INFO:colcon.colcon_core.shell:Creating environment hook '/home/wael/wael_ws/wael_package/install/wael_package/share/wael_package/hook/cmake_prefix_path.sh'
[1.876s] Level 1:colcon.colcon_core.environment:checking '/home/wael/wael_ws/wael_package/install/wael_package/bin'
[1.876s] Level 1:colcon.colcon_core.environment:checking '/home/wael/wael_ws/wael_package/install/wael_package/lib/pkgconfig/wael_package.pc'
[1.877s] Level 1:colcon.colcon_core.environment:checking '/home/wael/wael_ws/wael_package/install/wael_package/lib/python3.10/site-packages'
[1.877s] Level 1:colcon.colcon_core.environment:checking '/home/wael/wael_ws/wael_package/install/wael_package/bin'
[1.895s] INFO:colcon.colcon_core.shell:Creating package script '/home/wael/wael_ws/wael_package/install/wael_package/share/wael_package/package.ps1'
[1.895s] INFO:colcon.colcon_core.shell:Creating package descriptor '/home/wael/wael_ws/wael_package/install/wael_package/share/wael_package/package.dsv'
[1.896s] INFO:colcon.colcon_core.shell:Creating package script '/home/wael/wael_ws/wael_package/install/wael_package/share/wael_package/package.sh'
[1.896s] INFO:colcon.colcon_core.shell:Creating package script '/home/wael/wael_ws/wael_package/install/wael_package/share/wael_package/package.bash'
[1.897s] INFO:colcon.colcon_core.shell:Creating package script '/home/wael/wael_ws/wael_package/install/wael_package/share/wael_package/package.zsh'
[1.897s] Level 1:colcon.colcon_core.environment:create_file_with_runtime_dependencies(/home/wael/wael_ws/wael_package/install/wael_package/share/colcon-core/packages/wael_package)
[1.897s] DEBUG:colcon.colcon_parallel_executor.executor.parallel:closing loop
[1.898s] DEBUG:colcon.colcon_parallel_executor.executor.parallel:loop closed
[1.898s] DEBUG:colcon.colcon_parallel_executor.executor.parallel:run_until_complete finished with '0'
[1.898s] DEBUG:colcon.colcon_core.event_reactor:joining thread
[1.923s] INFO:colcon.colcon_core.plugin_system:Skipping extension 'colcon_notification.desktop_notification.terminal_notifier': Not used on non-Darwin systems
[1.923s] INFO:colcon.colcon_core.plugin_system:Skipping extension 'colcon_notification.desktop_notification.win32': Not used on non-Windows systems
[1.923s] INFO:colcon.colcon_notification.desktop_notification:Sending desktop notification using 'notify2'
[1.936s] DEBUG:colcon.colcon_core.event_reactor:joined thread
[1.954s] INFO:colcon.colcon_core.shell:Creating prefix script '/home/wael/wael_ws/wael_package/install/local_setup.ps1'
[1.955s] INFO:colcon.colcon_core.shell:Creating prefix util module '/home/wael/wael_ws/wael_package/install/_local_setup_util_ps1.py'
[1.956s] INFO:colcon.colcon_core.shell:Creating prefix chain script '/home/wael/wael_ws/wael_package/install/setup.ps1'
[1.975s] INFO:colcon.colcon_core.shell:Creating prefix script '/home/wael/wael_ws/wael_package/install/local_setup.sh'
[1.975s] INFO:colcon.colcon_core.shell:Creating prefix util module '/home/wael/wael_ws/wael_package/install/_local_setup_util_sh.py'
[1.976s] INFO:colcon.colcon_core.shell:Creating prefix chain script '/home/wael/wael_ws/wael_package/install/setup.sh'
[1.994s] INFO:colcon.colcon_core.shell:Creating prefix script '/home/wael/wael_ws/wael_package/install/local_setup.bash'
[1.995s] INFO:colcon.colcon_core.shell:Creating prefix chain script '/home/wael/wael_ws/wael_package/install/setup.bash'
[2.013s] INFO:colcon.colcon_core.shell:Creating prefix script '/home/wael/wael_ws/wael_package/install/local_setup.zsh'
[2.014s] INFO:colcon.colcon_core.shell:Creating prefix chain script '/home/wael/wael_ws/wael_package/install/setup.zsh'
