[14.350s] DEBUG:colcon:Command line arguments: ['/usr/bin/colcon', 'build', '--symlink-install']
[14.350s] DEBUG:colcon:Parsed command line arguments: Namespace(log_base=None, log_level=None, verb_name='build', build_base='build', install_base='install', merge_install=False, symlink_install=True, test_result_base=None, continue_on_error=False, executor='parallel', parallel_workers=4, event_handlers=None, ignore_user_meta=False, metas=['./colcon.meta'], base_paths=['.'], packages_ignore=None, packages_ignore_regex=None, paths=None, packages_up_to=None, packages_up_to_regex=None, packages_above=None, packages_above_and_dependencies=None, packages_above_depth=None, packages_select_by_dep=None, packages_skip_by_dep=None, packages_skip_up_to=None, packages_select_build_failed=False, packages_skip_build_finished=False, packages_select_test_failures=False, packages_skip_test_passed=False, packages_select=None, packages_skip=None, packages_select_regex=None, packages_skip_regex=None, packages_start=None, packages_end=None, allow_overriding=[], cmake_args=None, cmake_target=None, cmake_target_skip_unavailable=False, cmake_clean_cache=False, cmake_clean_first=False, cmake_force_configure=False, ament_cmake_args=None, catkin_cmake_args=None, catkin_skip_building_tests=False, verb_parser=<colcon_defaults.argument_parser.defaults.DefaultArgumentsDecorator object at 0x7fbbabbfb250>, verb_extension=<colcon_core.verb.build.BuildVerb object at 0x7fbbabbfb910>, main=<bound method BuildVerb.main of <colcon_core.verb.build.BuildVerb object at 0x7fbbabbfb910>>)
[16.298s] Level 1:colcon.colcon_core.package_discovery:discover_packages(colcon_meta) check parameters
[16.298s] Level 1:colcon.colcon_core.package_discovery:discover_packages(recursive) check parameters
[16.298s] Level 1:colcon.colcon_core.package_discovery:discover_packages(ignore) check parameters
[16.298s] Level 1:colcon.colcon_core.package_discovery:discover_packages(path) check parameters
[16.298s] Level 1:colcon.colcon_core.package_discovery:discover_packages(colcon_meta) discover
[16.298s] Level 1:colcon.colcon_core.package_discovery:discover_packages(recursive) discover
[16.298s] INFO:colcon.colcon_core.package_discovery:Crawling recursively for packages in '/home/wael/kal_ws'
[16.298s] Level 1:colcon.colcon_core.package_identification:_identify(.) by extensions ['ignore', 'ignore_ament_install']
[16.298s] Level 1:colcon.colcon_core.package_identification:_identify(.) by extension 'ignore'
[16.298s] Level 1:colcon.colcon_core.package_identification:_identify(.) by extension 'ignore_ament_install'
[16.298s] Level 1:colcon.colcon_core.package_identification:_identify(.) by extensions ['colcon_pkg']
[16.298s] Level 1:colcon.colcon_core.package_identification:_identify(.) by extension 'colcon_pkg'
[16.299s] Level 1:colcon.colcon_core.package_identification:_identify(.) by extensions ['colcon_meta']
[16.299s] Level 1:colcon.colcon_core.package_identification:_identify(.) by extension 'colcon_meta'
[16.299s] Level 1:colcon.colcon_core.package_identification:_identify(.) by extensions ['ros']
[16.299s] Level 1:colcon.colcon_core.package_identification:_identify(.) by extension 'ros'
[16.390s] Level 1:colcon.colcon_core.package_identification:_identify(.) by extensions ['cmake', 'python']
[16.391s] Level 1:colcon.colcon_core.package_identification:_identify(.) by extension 'cmake'
[16.391s] Level 1:colcon.colcon_core.package_identification:_identify(.) by extension 'python'
[16.391s] Level 1:colcon.colcon_core.package_identification:_identify(.) by extensions ['python_setup_py']
[16.391s] Level 1:colcon.colcon_core.package_identification:_identify(.) by extension 'python_setup_py'
[16.391s] Level 1:colcon.colcon_core.package_identification:_identify(build) by extensions ['ignore', 'ignore_ament_install']
[16.391s] Level 1:colcon.colcon_core.package_identification:_identify(build) by extension 'ignore'
[16.391s] Level 1:colcon.colcon_core.package_identification:_identify(build) ignored
[16.391s] Level 1:colcon.colcon_core.package_identification:_identify(install) by extensions ['ignore', 'ignore_ament_install']
[16.392s] Level 1:colcon.colcon_core.package_identification:_identify(install) by extension 'ignore'
[16.392s] Level 1:colcon.colcon_core.package_identification:_identify(install) ignored
[16.392s] Level 1:colcon.colcon_core.package_identification:_identify(log) by extensions ['ignore', 'ignore_ament_install']
[16.392s] Level 1:colcon.colcon_core.package_identification:_identify(log) by extension 'ignore'
[16.392s] Level 1:colcon.colcon_core.package_identification:_identify(log) ignored
[16.392s] Level 1:colcon.colcon_core.package_identification:_identify(src) by extensions ['ignore', 'ignore_ament_install']
[16.392s] Level 1:colcon.colcon_core.package_identification:_identify(src) by extension 'ignore'
[16.392s] Level 1:colcon.colcon_core.package_identification:_identify(src) by extension 'ignore_ament_install'
[16.392s] Level 1:colcon.colcon_core.package_identification:_identify(src) by extensions ['colcon_pkg']
[16.392s] Level 1:colcon.colcon_core.package_identification:_identify(src) by extension 'colcon_pkg'
[16.393s] Level 1:colcon.colcon_core.package_identification:_identify(src) by extensions ['colcon_meta']
[16.393s] Level 1:colcon.colcon_core.package_identification:_identify(src) by extension 'colcon_meta'
[16.393s] Level 1:colcon.colcon_core.package_identification:_identify(src) by extensions ['ros']
[16.393s] Level 1:colcon.colcon_core.package_identification:_identify(src) by extension 'ros'
[16.393s] Level 1:colcon.colcon_core.package_identification:_identify(src) by extensions ['cmake', 'python']
[16.393s] Level 1:colcon.colcon_core.package_identification:_identify(src) by extension 'cmake'
[16.393s] Level 1:colcon.colcon_core.package_identification:_identify(src) by extension 'python'
[16.393s] Level 1:colcon.colcon_core.package_identification:_identify(src) by extensions ['python_setup_py']
[16.393s] Level 1:colcon.colcon_core.package_identification:_identify(src) by extension 'python_setup_py'
[16.393s] Level 1:colcon.colcon_core.package_discovery:discover_packages(recursive) using defaults
[16.393s] Level 1:colcon.colcon_core.package_discovery:discover_packages(ignore) discover
[16.393s] Level 1:colcon.colcon_core.package_discovery:discover_packages(ignore) using defaults
[16.393s] Level 1:colcon.colcon_core.package_discovery:discover_packages(path) discover
[16.393s] Level 1:colcon.colcon_core.package_discovery:discover_packages(path) using defaults
[17.530s] Level 1:colcon.colcon_core.package_discovery:discover_packages(prefix_path) check parameters
[17.531s] Level 1:colcon.colcon_core.package_discovery:discover_packages(prefix_path) discover
[17.598s] Level 1:colcon.colcon_core.package_discovery:discover_packages(prefix_path) using defaults
[17.718s] INFO:colcon.colcon_core.executor:Executing jobs using 'parallel' executor
[17.729s] DEBUG:colcon.colcon_parallel_executor.executor.parallel:run_until_complete
[17.729s] DEBUG:colcon.colcon_parallel_executor.executor.parallel:closing loop
[17.729s] DEBUG:colcon.colcon_parallel_executor.executor.parallel:loop closed
[17.729s] DEBUG:colcon.colcon_parallel_executor.executor.parallel:run_until_complete finished with '0'
[17.729s] DEBUG:colcon.colcon_core.event_reactor:joining thread
[17.771s] INFO:colcon.colcon_core.plugin_system:Skipping extension 'colcon_notification.desktop_notification.terminal_notifier': Not used on non-Darwin systems
[17.771s] INFO:colcon.colcon_core.plugin_system:Skipping extension 'colcon_notification.desktop_notification.win32': Not used on non-Windows systems
[17.771s] INFO:colcon.colcon_notification.desktop_notification:Sending desktop notification using 'notify2'
[17.784s] DEBUG:colcon.colcon_core.event_reactor:joined thread
[18.235s] INFO:colcon.colcon_core.plugin_system:Skipping extension 'colcon_core.shell.bat': Not used on non-Windows systems
[18.235s] INFO:colcon.colcon_core.shell:Creating prefix script '/home/wael/kal_ws/install/local_setup.ps1'
[18.288s] INFO:colcon.colcon_core.shell:Creating prefix util module '/home/wael/kal_ws/install/_local_setup_util_ps1.py'
[18.310s] INFO:colcon.colcon_core.shell:Creating prefix chain script '/home/wael/kal_ws/install/setup.ps1'
[18.323s] INFO:colcon.colcon_core.shell:Creating prefix script '/home/wael/kal_ws/install/local_setup.sh'
[18.325s] INFO:colcon.colcon_core.shell:Creating prefix util module '/home/wael/kal_ws/install/_local_setup_util_sh.py'
[18.326s] INFO:colcon.colcon_core.shell:Creating prefix chain script '/home/wael/kal_ws/install/setup.sh'
[18.343s] INFO:colcon.colcon_core.shell:Creating prefix script '/home/wael/kal_ws/install/local_setup.bash'
[18.362s] INFO:colcon.colcon_core.shell:Creating prefix chain script '/home/wael/kal_ws/install/setup.bash'
[18.375s] INFO:colcon.colcon_core.shell:Creating prefix script '/home/wael/kal_ws/install/local_setup.zsh'
[18.411s] INFO:colcon.colcon_core.shell:Creating prefix chain script '/home/wael/kal_ws/install/setup.zsh'
