[0.082s] Invoking command in '/home/wael/wael_ws/wael_package/build/wael_package': CMAKE_PREFIX_PATH=${CMAKE_PREFIX_PATH}:/opt/ros/humble /usr/bin/cmake --build /home/wael/wael_ws/wael_package/build/wael_package -- -j4 -l4
[0.288s] -- Found ament_cmake: 1.3.5 (/opt/ros/humble/share/ament_cmake/cmake)
[0.612s] -- Override CMake install command with custom implementation using symlinks instead of copying resources
[0.735s] -- Found ament_lint_auto: 0.12.8 (/opt/ros/humble/share/ament_lint_auto/cmake)
[1.479s] -- Added test 'cppcheck' to perform static code analysis on C / C++ code
[1.479s] -- Configured cppcheck include dirs: 
[1.479s] -- Configured cppcheck exclude dirs and/or files: 
[1.501s] -- Added test 'flake8' to check Python code syntax and style conventions
[1.512s] -- Added test 'lint_cmake' to check CMake code style
[1.523s] -- Added test 'pep257' to check Python code against some of the docstring style conventions in PEP 257
[1.579s] -- Added test 'uncrustify' to check C / C++ code style
[1.579s] -- Configured uncrustify additional arguments: 
[1.585s] -- Added test 'xmllint' to check XML markup files
[1.614s] -- Configuring done
[1.668s] -- Generating done
[1.670s] -- Build files have been written to: /home/wael/wael_ws/wael_package/build/wael_package
[1.691s] Invoked command in '/home/wael/wael_ws/wael_package/build/wael_package' returned '0': CMAKE_PREFIX_PATH=${CMAKE_PREFIX_PATH}:/opt/ros/humble /usr/bin/cmake --build /home/wael/wael_ws/wael_package/build/wael_package -- -j4 -l4
[1.724s] Invoking command in '/home/wael/wael_ws/wael_package/build/wael_package': CMAKE_PREFIX_PATH=${CMAKE_PREFIX_PATH}:/opt/ros/humble /usr/bin/cmake --install /home/wael/wael_ws/wael_package/build/wael_package
[1.732s] -- Install configuration: ""
[1.732s] -- Execute custom install script
[1.733s] -- Up-to-date symlink: /home/wael/wael_ws/wael_package/install/wael_package/share/wael_package/src/description/new_LIDAR.urdf
[1.733s] -- Up-to-date symlink: /home/wael/wael_ws/wael_package/install/wael_package/share/wael_package/src/description/new_fyp (copy).urdf
[1.733s] -- Up-to-date symlink: /home/wael/wael_ws/wael_package/install/wael_package/share/wael_package/src/description/new_fyp.urdf
[1.734s] -- Up-to-date symlink: /home/wael/wael_ws/wael_package/install/wael_package/share/wael_package/src/description/urdf_lidar_with_sections/base.xacro
[1.734s] -- Up-to-date symlink: /home/wael/wael_ws/wael_package/install/wael_package/share/wael_package/src/description/urdf_lidar_with_sections/gazebo.xacro
[1.734s] -- Up-to-date symlink: /home/wael/wael_ws/wael_package/install/wael_package/share/wael_package/src/description/urdf_lidar_with_sections/main.urdf
[1.734s] -- Up-to-date symlink: /home/wael/wael_ws/wael_package/install/wael_package/share/wael_package/src/description/urdf_lidar_with_sections/sensors.xacro
[1.734s] -- Up-to-date symlink: /home/wael/wael_ws/wael_package/install/wael_package/share/wael_package/src/description/urdf_lidar_with_sections/wheels.xacro
[1.735s] -- Up-to-date symlink: /home/wael/wael_ws/wael_package/install/wael_package/share/wael_package/src/urdf/fyp_kal_robot_description.urdf
[1.735s] -- Up-to-date symlink: /home/wael/wael_ws/wael_package/install/wael_package/share/wael_package/src/urdf/kal_gazebo.xacro
[1.735s] -- Up-to-date symlink: /home/wael/wael_ws/wael_package/install/wael_package/share/wael_package/launch/new.display.launch.py
[1.735s] -- Up-to-date symlink: /home/wael/wael_ws/wael_package/install/wael_package/share/wael_package/launch/old/display.launch.py
[1.736s] -- Up-to-date symlink: /home/wael/wael_ws/wael_package/install/wael_package/share/wael_package/launch/old/display.launch2.py
[1.736s] -- Up-to-date symlink: /home/wael/wael_ws/wael_package/install/wael_package/share/wael_package/rviz/urdf_config.rviz
[1.736s] -- Up-to-date symlink: /home/wael/wael_ws/wael_package/install/wael_package/share/wael_package/config/ekf.yaml
[1.737s] -- Symlinking: /home/wael/wael_ws/wael_package/install/wael_package/share/wael_package/world/my_world.sdf
[1.746s] -- Up-to-date symlink: /home/wael/wael_ws/wael_package/install/wael_package/share/ament_index/resource_index/package_run_dependencies/wael_package
[1.747s] -- Up-to-date symlink: /home/wael/wael_ws/wael_package/install/wael_package/share/ament_index/resource_index/parent_prefix_path/wael_package
[1.747s] -- Up-to-date symlink: /home/wael/wael_ws/wael_package/install/wael_package/share/wael_package/environment/ament_prefix_path.sh
[1.747s] -- Up-to-date symlink: /home/wael/wael_ws/wael_package/install/wael_package/share/wael_package/environment/ament_prefix_path.dsv
[1.747s] -- Up-to-date symlink: /home/wael/wael_ws/wael_package/install/wael_package/share/wael_package/environment/path.sh
[1.748s] -- Up-to-date symlink: /home/wael/wael_ws/wael_package/install/wael_package/share/wael_package/environment/path.dsv
[1.748s] -- Up-to-date symlink: /home/wael/wael_ws/wael_package/install/wael_package/share/wael_package/local_setup.bash
[1.748s] -- Up-to-date symlink: /home/wael/wael_ws/wael_package/install/wael_package/share/wael_package/local_setup.sh
[1.748s] -- Up-to-date symlink: /home/wael/wael_ws/wael_package/install/wael_package/share/wael_package/local_setup.zsh
[1.749s] -- Up-to-date symlink: /home/wael/wael_ws/wael_package/install/wael_package/share/wael_package/local_setup.dsv
[1.749s] -- Symlinking: /home/wael/wael_ws/wael_package/install/wael_package/share/wael_package/package.dsv
[1.759s] -- Up-to-date symlink: /home/wael/wael_ws/wael_package/install/wael_package/share/ament_index/resource_index/packages/wael_package
[1.759s] -- Up-to-date symlink: /home/wael/wael_ws/wael_package/install/wael_package/share/wael_package/cmake/wael_packageConfig.cmake
[1.759s] -- Up-to-date symlink: /home/wael/wael_ws/wael_package/install/wael_package/share/wael_package/cmake/wael_packageConfig-version.cmake
[1.759s] -- Up-to-date symlink: /home/wael/wael_ws/wael_package/install/wael_package/share/wael_package/package.xml
[1.762s] Invoked command in '/home/wael/wael_ws/wael_package/build/wael_package' returned '0': CMAKE_PREFIX_PATH=${CMAKE_PREFIX_PATH}:/opt/ros/humble /usr/bin/cmake --install /home/wael/wael_ws/wael_package/build/wael_package
