[6.547s] DEBUG:colcon:Command line arguments: ['/usr/bin/colcon', 'build']
[6.547s] DEBUG:colcon:Parsed command line arguments: Namespace(log_base=None, log_level=None, verb_name='build', build_base='build', install_base='install', merge_install=False, symlink_install=False, test_result_base=None, continue_on_error=False, executor='parallel', parallel_workers=4, event_handlers=None, ignore_user_meta=False, metas=['./colcon.meta'], base_paths=['.'], packages_ignore=None, packages_ignore_regex=None, paths=None, packages_up_to=None, packages_up_to_regex=None, packages_above=None, packages_above_and_dependencies=None, packages_above_depth=None, packages_select_by_dep=None, packages_skip_by_dep=None, packages_skip_up_to=None, packages_select_build_failed=False, packages_skip_build_finished=False, packages_select_test_failures=False, packages_skip_test_passed=False, packages_select=None, packages_skip=None, packages_select_regex=None, packages_skip_regex=None, packages_start=None, packages_end=None, allow_overriding=[], cmake_args=None, cmake_target=None, cmake_target_skip_unavailable=False, cmake_clean_cache=False, cmake_clean_first=False, cmake_force_configure=False, ament_cmake_args=None, catkin_cmake_args=None, catkin_skip_building_tests=False, verb_parser=<colcon_defaults.argument_parser.defaults.DefaultArgumentsDecorator object at 0x7f3ab7696a70>, verb_extension=<colcon_core.verb.build.BuildVerb object at 0x7f3ab7673490>, main=<bound method BuildVerb.main of <colcon_core.verb.build.BuildVerb object at 0x7f3ab7673490>>)
[6.746s] Level 1:colcon.colcon_core.package_discovery:discover_packages(colcon_meta) check parameters
[6.746s] Level 1:colcon.colcon_core.package_discovery:discover_packages(recursive) check parameters
[6.746s] Level 1:colcon.colcon_core.package_discovery:discover_packages(ignore) check parameters
[6.746s] Level 1:colcon.colcon_core.package_discovery:discover_packages(path) check parameters
[6.746s] Level 1:colcon.colcon_core.package_discovery:discover_packages(colcon_meta) discover
[6.746s] Level 1:colcon.colcon_core.package_discovery:discover_packages(recursive) discover
[6.747s] INFO:colcon.colcon_core.package_discovery:Crawling recursively for packages in '/home/wael/wael_ws/wael_package'
[6.747s] Level 1:colcon.colcon_core.package_identification:_identify(.) by extensions ['ignore', 'ignore_ament_install']
[6.747s] Level 1:colcon.colcon_core.package_identification:_identify(.) by extension 'ignore'
[6.747s] Level 1:colcon.colcon_core.package_identification:_identify(.) by extension 'ignore_ament_install'
[6.747s] Level 1:colcon.colcon_core.package_identification:_identify(.) by extensions ['colcon_pkg']
[6.747s] Level 1:colcon.colcon_core.package_identification:_identify(.) by extension 'colcon_pkg'
[6.747s] Level 1:colcon.colcon_core.package_identification:_identify(.) by extensions ['colcon_meta']
[6.747s] Level 1:colcon.colcon_core.package_identification:_identify(.) by extension 'colcon_meta'
[6.747s] Level 1:colcon.colcon_core.package_identification:_identify(.) by extensions ['ros']
[6.747s] Level 1:colcon.colcon_core.package_identification:_identify(.) by extension 'ros'
[6.761s] DEBUG:colcon.colcon_core.package_identification:Package '.' with type 'ros.ament_cmake' and name 'wael_package'
[6.761s] Level 1:colcon.colcon_core.package_discovery:discover_packages(recursive) using defaults
[6.761s] Level 1:colcon.colcon_core.package_discovery:discover_packages(ignore) discover
[6.761s] Level 1:colcon.colcon_core.package_discovery:discover_packages(ignore) using defaults
[6.761s] Level 1:colcon.colcon_core.package_discovery:discover_packages(path) discover
[6.762s] Level 1:colcon.colcon_core.package_discovery:discover_packages(path) using defaults
[6.982s] Level 1:colcon.colcon_core.package_discovery:discover_packages(prefix_path) check parameters
[6.982s] Level 1:colcon.colcon_core.package_discovery:discover_packages(prefix_path) discover
[7.020s] DEBUG:colcon.colcon_installed_package_information.package_discovery:Found 1 installed packages in /home/wael/wael_ws/wael_package/install
[7.039s] DEBUG:colcon.colcon_installed_package_information.package_discovery:Found 384 installed packages in /opt/ros/humble
[7.054s] Level 1:colcon.colcon_core.package_discovery:discover_packages(prefix_path) using defaults
[7.226s] Level 5:colcon.colcon_core.verb:set package 'wael_package' build argument 'cmake_args' from command line to 'None'
[7.226s] Level 5:colcon.colcon_core.verb:set package 'wael_package' build argument 'cmake_target' from command line to 'None'
[7.227s] Level 5:colcon.colcon_core.verb:set package 'wael_package' build argument 'cmake_target_skip_unavailable' from command line to 'False'
[7.227s] Level 5:colcon.colcon_core.verb:set package 'wael_package' build argument 'cmake_clean_cache' from command line to 'False'
[7.227s] Level 5:colcon.colcon_core.verb:set package 'wael_package' build argument 'cmake_clean_first' from command line to 'False'
[7.227s] Level 5:colcon.colcon_core.verb:set package 'wael_package' build argument 'cmake_force_configure' from command line to 'False'
[7.227s] Level 5:colcon.colcon_core.verb:set package 'wael_package' build argument 'ament_cmake_args' from command line to 'None'
[7.227s] Level 5:colcon.colcon_core.verb:set package 'wael_package' build argument 'catkin_cmake_args' from command line to 'None'
[7.227s] Level 5:colcon.colcon_core.verb:set package 'wael_package' build argument 'catkin_skip_building_tests' from command line to 'False'
[7.227s] DEBUG:colcon.colcon_core.verb:Building package 'wael_package' with the following arguments: {'ament_cmake_args': None, 'build_base': '/home/wael/wael_ws/wael_package/build/wael_package', 'catkin_cmake_args': None, 'catkin_skip_building_tests': False, 'cmake_args': None, 'cmake_clean_cache': False, 'cmake_clean_first': False, 'cmake_force_configure': False, 'cmake_target': None, 'cmake_target_skip_unavailable': False, 'install_base': '/home/wael/wael_ws/wael_package/install/wael_package', 'merge_install': False, 'path': '/home/wael/wael_ws/wael_package', 'symlink_install': False, 'test_result_base': None}
[7.248s] INFO:colcon.colcon_core.executor:Executing jobs using 'parallel' executor
[7.268s] DEBUG:colcon.colcon_parallel_executor.executor.parallel:run_until_complete
[7.268s] INFO:colcon.colcon_ros.task.ament_cmake.build:Building ROS package in '/home/wael/wael_ws/wael_package' with build type 'ament_cmake'
[7.268s] INFO:colcon.colcon_cmake.task.cmake.build:Building CMake package in '/home/wael/wael_ws/wael_package'
[7.308s] INFO:colcon.colcon_core.plugin_system:Skipping extension 'colcon_core.shell.bat': Not used on non-Windows systems
[7.309s] INFO:colcon.colcon_core.shell:Skip shell extension 'powershell' for command environment: Not usable outside of PowerShell
[7.309s] DEBUG:colcon.colcon_core.shell:Skip shell extension 'dsv' for command environment
[7.445s] DEBUG:colcon.colcon_core.event_handler.log_command:Invoking command in '/home/wael/wael_ws/wael_package/build/wael_package': CMAKE_PREFIX_PATH=${CMAKE_PREFIX_PATH}:/opt/ros/humble /usr/bin/cmake --build /home/wael/wael_ws/wael_package/build/wael_package -- -j4 -l4
[7.856s] DEBUG:colcon.colcon_core.event_handler.log_command:Invoked command in '/home/wael/wael_ws/wael_package/build/wael_package' returned '0': CMAKE_PREFIX_PATH=${CMAKE_PREFIX_PATH}:/opt/ros/humble /usr/bin/cmake --build /home/wael/wael_ws/wael_package/build/wael_package -- -j4 -l4
[7.888s] DEBUG:colcon.colcon_core.event_handler.log_command:Invoking command in '/home/wael/wael_ws/wael_package/build/wael_package': CMAKE_PREFIX_PATH=${CMAKE_PREFIX_PATH}:/opt/ros/humble /usr/bin/cmake --install /home/wael/wael_ws/wael_package/build/wael_package
[7.961s] Level 1:colcon.colcon_core.environment:create_environment_scripts_only(wael_package)
[7.961s] DEBUG:colcon.colcon_core.event_handler.log_command:Invoked command in '/home/wael/wael_ws/wael_package/build/wael_package' returned '0': CMAKE_PREFIX_PATH=${CMAKE_PREFIX_PATH}:/opt/ros/humble /usr/bin/cmake --install /home/wael/wael_ws/wael_package/build/wael_package
[8.026s] Level 1:colcon.colcon_core.environment:checking '/home/wael/wael_ws/wael_package/install/wael_package' for CMake module files
[8.026s] Level 1:colcon.colcon_core.environment:checking '/home/wael/wael_ws/wael_package/install/wael_package' for CMake config files
[8.027s] Level 1:colcon.colcon_core.shell:create_environment_hook('wael_package', 'cmake_prefix_path')
[8.045s] INFO:colcon.colcon_core.shell:Creating environment hook '/home/wael/wael_ws/wael_package/install/wael_package/share/wael_package/hook/cmake_prefix_path.ps1'
[8.051s] INFO:colcon.colcon_core.shell:Creating environment descriptor '/home/wael/wael_ws/wael_package/install/wael_package/share/wael_package/hook/cmake_prefix_path.dsv'
[8.061s] INFO:colcon.colcon_core.shell:Creating environment hook '/home/wael/wael_ws/wael_package/install/wael_package/share/wael_package/hook/cmake_prefix_path.sh'
[8.062s] Level 1:colcon.colcon_core.environment:checking '/home/wael/wael_ws/wael_package/install/wael_package/lib'
[8.062s] Level 1:colcon.colcon_core.environment:checking '/home/wael/wael_ws/wael_package/install/wael_package/bin'
[8.062s] Level 1:colcon.colcon_core.environment:checking '/home/wael/wael_ws/wael_package/install/wael_package/lib/pkgconfig/wael_package.pc'
[8.063s] Level 1:colcon.colcon_core.environment:checking '/home/wael/wael_ws/wael_package/install/wael_package/lib/python3.10/site-packages'
[8.063s] Level 1:colcon.colcon_core.environment:checking '/home/wael/wael_ws/wael_package/install/wael_package/bin'
[8.081s] INFO:colcon.colcon_core.shell:Creating package script '/home/wael/wael_ws/wael_package/install/wael_package/share/wael_package/package.ps1'
[8.082s] INFO:colcon.colcon_core.shell:Creating package descriptor '/home/wael/wael_ws/wael_package/install/wael_package/share/wael_package/package.dsv'
[8.082s] INFO:colcon.colcon_core.shell:Creating package script '/home/wael/wael_ws/wael_package/install/wael_package/share/wael_package/package.sh'
[8.083s] INFO:colcon.colcon_core.shell:Creating package script '/home/wael/wael_ws/wael_package/install/wael_package/share/wael_package/package.bash'
[8.093s] INFO:colcon.colcon_core.shell:Creating package script '/home/wael/wael_ws/wael_package/install/wael_package/share/wael_package/package.zsh'
[8.109s] Level 1:colcon.colcon_core.environment:create_file_with_runtime_dependencies(/home/wael/wael_ws/wael_package/install/wael_package/share/colcon-core/packages/wael_package)
[8.150s] Level 1:colcon.colcon_core.environment:create_environment_scripts_only(wael_package)
[8.169s] Level 1:colcon.colcon_core.environment:checking '/home/wael/wael_ws/wael_package/install/wael_package' for CMake module files
[8.170s] Level 1:colcon.colcon_core.environment:checking '/home/wael/wael_ws/wael_package/install/wael_package' for CMake config files
[8.170s] Level 1:colcon.colcon_core.shell:create_environment_hook('wael_package', 'cmake_prefix_path')
[8.189s] INFO:colcon.colcon_core.shell:Creating environment hook '/home/wael/wael_ws/wael_package/install/wael_package/share/wael_package/hook/cmake_prefix_path.ps1'
[8.190s] INFO:colcon.colcon_core.shell:Creating environment descriptor '/home/wael/wael_ws/wael_package/install/wael_package/share/wael_package/hook/cmake_prefix_path.dsv'
[8.191s] INFO:colcon.colcon_core.shell:Creating environment hook '/home/wael/wael_ws/wael_package/install/wael_package/share/wael_package/hook/cmake_prefix_path.sh'
[8.191s] Level 1:colcon.colcon_core.environment:checking '/home/wael/wael_ws/wael_package/install/wael_package/lib'
[8.191s] Level 1:colcon.colcon_core.environment:checking '/home/wael/wael_ws/wael_package/install/wael_package/bin'
[8.191s] Level 1:colcon.colcon_core.environment:checking '/home/wael/wael_ws/wael_package/install/wael_package/lib/pkgconfig/wael_package.pc'
[8.192s] Level 1:colcon.colcon_core.environment:checking '/home/wael/wael_ws/wael_package/install/wael_package/lib/python3.10/site-packages'
[8.192s] Level 1:colcon.colcon_core.environment:checking '/home/wael/wael_ws/wael_package/install/wael_package/bin'
[8.210s] INFO:colcon.colcon_core.shell:Creating package script '/home/wael/wael_ws/wael_package/install/wael_package/share/wael_package/package.ps1'
[8.211s] INFO:colcon.colcon_core.shell:Creating package descriptor '/home/wael/wael_ws/wael_package/install/wael_package/share/wael_package/package.dsv'
[8.211s] INFO:colcon.colcon_core.shell:Creating package script '/home/wael/wael_ws/wael_package/install/wael_package/share/wael_package/package.sh'
[8.212s] INFO:colcon.colcon_core.shell:Creating package script '/home/wael/wael_ws/wael_package/install/wael_package/share/wael_package/package.bash'
[8.212s] INFO:colcon.colcon_core.shell:Creating package script '/home/wael/wael_ws/wael_package/install/wael_package/share/wael_package/package.zsh'
[8.213s] Level 1:colcon.colcon_core.environment:create_file_with_runtime_dependencies(/home/wael/wael_ws/wael_package/install/wael_package/share/colcon-core/packages/wael_package)
[8.213s] DEBUG:colcon.colcon_parallel_executor.executor.parallel:closing loop
[8.213s] DEBUG:colcon.colcon_parallel_executor.executor.parallel:loop closed
[8.214s] DEBUG:colcon.colcon_parallel_executor.executor.parallel:run_until_complete finished with '0'
[8.214s] DEBUG:colcon.colcon_core.event_reactor:joining thread
[8.256s] INFO:colcon.colcon_core.plugin_system:Skipping extension 'colcon_notification.desktop_notification.terminal_notifier': Not used on non-Darwin systems
[8.256s] INFO:colcon.colcon_core.plugin_system:Skipping extension 'colcon_notification.desktop_notification.win32': Not used on non-Windows systems
[8.256s] INFO:colcon.colcon_notification.desktop_notification:Sending desktop notification using 'notify2'
[8.275s] DEBUG:colcon.colcon_core.event_reactor:joined thread
[8.295s] INFO:colcon.colcon_core.shell:Creating prefix script '/home/wael/wael_ws/wael_package/install/local_setup.ps1'
[8.318s] INFO:colcon.colcon_core.shell:Creating prefix util module '/home/wael/wael_ws/wael_package/install/_local_setup_util_ps1.py'
[8.329s] INFO:colcon.colcon_core.shell:Creating prefix chain script '/home/wael/wael_ws/wael_package/install/setup.ps1'
[8.349s] INFO:colcon.colcon_core.shell:Creating prefix script '/home/wael/wael_ws/wael_package/install/local_setup.sh'
[8.350s] INFO:colcon.colcon_core.shell:Creating prefix util module '/home/wael/wael_ws/wael_package/install/_local_setup_util_sh.py'
[8.350s] INFO:colcon.colcon_core.shell:Creating prefix chain script '/home/wael/wael_ws/wael_package/install/setup.sh'
[8.371s] INFO:colcon.colcon_core.shell:Creating prefix script '/home/wael/wael_ws/wael_package/install/local_setup.bash'
[8.392s] INFO:colcon.colcon_core.shell:Creating prefix chain script '/home/wael/wael_ws/wael_package/install/setup.bash'
[8.412s] INFO:colcon.colcon_core.shell:Creating prefix script '/home/wael/wael_ws/wael_package/install/local_setup.zsh'
[8.431s] INFO:colcon.colcon_core.shell:Creating prefix chain script '/home/wael/wael_ws/wael_package/install/setup.zsh'
