[0.109s] Invoking command in '/home/wael/wael_ws/wael_package/build/wael_package': CMAKE_PREFIX_PATH=${CMAKE_PREFIX_PATH}:/opt/ros/humble /usr/bin/cmake --build /home/wael/wael_ws/wael_package/build/wael_package -- -j4 -l4
[0.136s] -- Found ament_cmake: 1.3.5 (/opt/ros/humble/share/ament_cmake/cmake)
[0.354s] -- Found rclcpp: 16.0.6 (/opt/ros/humble/share/rclcpp/cmake)
[0.629s] -- Found rosidl_generator_c: 3.1.5 (/opt/ros/humble/share/rosidl_generator_c/cmake)
[0.650s] -- Found rosidl_adapter: 3.1.5 (/opt/ros/humble/share/rosidl_adapter/cmake)
[0.693s] -- Found rosidl_generator_cpp: 3.1.5 (/opt/ros/humble/share/rosidl_generator_cpp/cmake)
[0.788s] -- Using all available rosidl_typesupport_c: rosidl_typesupport_fastrtps_c;rosidl_typesupport_introspection_c
[0.847s] -- Using all available rosidl_typesupport_cpp: rosidl_typesupport_fastrtps_cpp;rosidl_typesupport_introspection_cpp
[1.084s] -- Found rmw_implementation_cmake: 6.1.1 (/opt/ros/humble/share/rmw_implementation_cmake/cmake)
[1.101s] -- Found rmw_fastrtps_cpp: 6.2.4 (/opt/ros/humble/share/rmw_fastrtps_cpp/cmake)
[1.499s] -- Found OpenSSL: /usr/lib/x86_64-linux-gnu/libcrypto.so (found version "3.0.2")  
[1.572s] -- Found FastRTPS: /opt/ros/humble/include  
[1.641s] -- Using RMW implementation 'rmw_fastrtps_cpp' as default
[1.749s] -- Looking for pthread.h
[2.501s] -- Looking for pthread.h - found
[2.515s] -- Performing Test CMAKE_HAVE_LIBC_PTHREAD
[2.676s] -- Performing Test CMAKE_HAVE_LIBC_PTHREAD - Success
[2.678s] -- Found Threads: TRUE  
[3.060s] -- Found geometry_msgs: 4.2.3 (/opt/ros/humble/share/geometry_msgs/cmake)
[3.193s] -- Found ament_lint_auto: 0.12.8 (/opt/ros/humble/share/ament_lint_auto/cmake)
[3.193s] [31mCMake Error at /opt/ros/humble/share/ament_lint_auto/cmake/ament_lint_auto-extras.cmake:18 (message):
[3.193s]   find_package(ament_lint_auto) must be called before ament_package()
[3.193s] Call Stack (most recent call first):
[3.193s]   /opt/ros/humble/share/ament_lint_auto/cmake/ament_lint_autoConfig.cmake:41 (include)
[3.193s]   CMakeLists.txt:34 (find_package)
[3.193s] 
[3.194s] [0m
[3.194s] -- Configuring incomplete, errors occurred!
[3.194s] See also "/home/wael/wael_ws/wael_package/build/wael_package/CMakeFiles/CMakeOutput.log".
[3.202s] gmake: *** [Makefile:226: cmake_check_build_system] Error 1
[3.204s] Invoked command in '/home/wael/wael_ws/wael_package/build/wael_package' returned '2': CMAKE_PREFIX_PATH=${CMAKE_PREFIX_PATH}:/opt/ros/humble /usr/bin/cmake --build /home/wael/wael_ws/wael_package/build/wael_package -- -j4 -l4
