[0.120s] Invoking command in '/home/wael/wael_ws/wael_package/build/wael_package': CMAKE_PREFIX_PATH=${CMAKE_PREFIX_PATH}:/opt/ros/humble /usr/bin/cmake --build /home/wael/wael_ws/wael_package/build/wael_package -- -j4 -l4
[0.161s] Invoked command in '/home/wael/wael_ws/wael_package/build/wael_package' returned '0': CMAKE_PREFIX_PATH=${CMAKE_PREFIX_PATH}:/opt/ros/humble /usr/bin/cmake --build /home/wael/wael_ws/wael_package/build/wael_package -- -j4 -l4
[0.194s] Invoking command in '/home/wael/wael_ws/wael_package/build/wael_package': CMAKE_PREFIX_PATH=${CMAKE_PREFIX_PATH}:/opt/ros/humble /usr/bin/cmake --install /home/wael/wael_ws/wael_package/build/wael_package
[0.202s] -- Install configuration: ""
[0.202s] -- Execute custom install script
[0.203s] -- Up-to-date symlink: /home/wael/wael_ws/wael_package/install/wael_package/share/wael_package/src/description/new_LIDAR.urdf
[0.203s] -- Up-to-date symlink: /home/wael/wael_ws/wael_package/install/wael_package/share/wael_package/src/description/new_fyp (copy).urdf
[0.203s] -- Up-to-date symlink: /home/wael/wael_ws/wael_package/install/wael_package/share/wael_package/src/description/new_fyp.urdf
[0.203s] -- Up-to-date symlink: /home/wael/wael_ws/wael_package/install/wael_package/share/wael_package/src/description/urdf_lidar_with_sections/base.xacro
[0.204s] -- Up-to-date symlink: /home/wael/wael_ws/wael_package/install/wael_package/share/wael_package/src/description/urdf_lidar_with_sections/gazebo.xacro
[0.204s] -- Up-to-date symlink: /home/wael/wael_ws/wael_package/install/wael_package/share/wael_package/src/description/urdf_lidar_with_sections/main.urdf
[0.204s] -- Up-to-date symlink: /home/wael/wael_ws/wael_package/install/wael_package/share/wael_package/src/description/urdf_lidar_with_sections/sensors.xacro
[0.204s] -- Up-to-date symlink: /home/wael/wael_ws/wael_package/install/wael_package/share/wael_package/src/description/urdf_lidar_with_sections/wheels.xacro
[0.204s] -- Up-to-date symlink: /home/wael/wael_ws/wael_package/install/wael_package/share/wael_package/src/urdf/fyp_kal_robot_description.urdf
[0.204s] -- Up-to-date symlink: /home/wael/wael_ws/wael_package/install/wael_package/share/wael_package/src/urdf/kal_gazebo.xacro
[0.205s] -- Up-to-date symlink: /home/wael/wael_ws/wael_package/install/wael_package/share/wael_package/launch/new.display.launch.py
[0.205s] -- Up-to-date symlink: /home/wael/wael_ws/wael_package/install/wael_package/share/wael_package/launch/old/display.launch.py
[0.205s] -- Up-to-date symlink: /home/wael/wael_ws/wael_package/install/wael_package/share/wael_package/launch/old/display.launch2.py
[0.205s] -- Up-to-date symlink: /home/wael/wael_ws/wael_package/install/wael_package/share/wael_package/rviz/urdf_config.rviz
[0.206s] -- Up-to-date symlink: /home/wael/wael_ws/wael_package/install/wael_package/share/wael_package/config/ekf.yaml
[0.206s] -- Up-to-date symlink: /home/wael/wael_ws/wael_package/install/wael_package/share/ament_index/resource_index/package_run_dependencies/wael_package
[0.206s] -- Up-to-date symlink: /home/wael/wael_ws/wael_package/install/wael_package/share/ament_index/resource_index/parent_prefix_path/wael_package
[0.206s] -- Up-to-date symlink: /home/wael/wael_ws/wael_package/install/wael_package/share/wael_package/environment/ament_prefix_path.sh
[0.207s] -- Up-to-date symlink: /home/wael/wael_ws/wael_package/install/wael_package/share/wael_package/environment/ament_prefix_path.dsv
[0.207s] -- Up-to-date symlink: /home/wael/wael_ws/wael_package/install/wael_package/share/wael_package/environment/path.sh
[0.207s] -- Up-to-date symlink: /home/wael/wael_ws/wael_package/install/wael_package/share/wael_package/environment/path.dsv
[0.207s] -- Up-to-date symlink: /home/wael/wael_ws/wael_package/install/wael_package/share/wael_package/local_setup.bash
[0.207s] -- Up-to-date symlink: /home/wael/wael_ws/wael_package/install/wael_package/share/wael_package/local_setup.sh
[0.207s] -- Up-to-date symlink: /home/wael/wael_ws/wael_package/install/wael_package/share/wael_package/local_setup.zsh
[0.208s] -- Up-to-date symlink: /home/wael/wael_ws/wael_package/install/wael_package/share/wael_package/local_setup.dsv
[0.208s] -- Symlinking: /home/wael/wael_ws/wael_package/install/wael_package/share/wael_package/package.dsv
[0.217s] -- Up-to-date symlink: /home/wael/wael_ws/wael_package/install/wael_package/share/ament_index/resource_index/packages/wael_package
[0.218s] -- Up-to-date symlink: /home/wael/wael_ws/wael_package/install/wael_package/share/wael_package/cmake/wael_packageConfig.cmake
[0.218s] -- Up-to-date symlink: /home/wael/wael_ws/wael_package/install/wael_package/share/wael_package/cmake/wael_packageConfig-version.cmake
[0.218s] -- Up-to-date symlink: /home/wael/wael_ws/wael_package/install/wael_package/share/wael_package/package.xml
[0.220s] Invoked command in '/home/wael/wael_ws/wael_package/build/wael_package' returned '0': CMAKE_PREFIX_PATH=${CMAKE_PREFIX_PATH}:/opt/ros/humble /usr/bin/cmake --install /home/wael/wael_ws/wael_package/build/wael_package
