-- Install configuration: ""
-- Up-to-date: /home/wael/kal_ws/install/kal_package/share/kal_package/src
-- Up-to-date: /home/wael/kal_ws/install/kal_package/share/kal_package/src/description
-- Installing: /home/wael/kal_ws/install/kal_package/share/kal_package/src/description/base.xacro
-- Installing: /home/wael/kal_ws/install/kal_package/share/kal_package/src/description/wheels.xacro
-- Up-to-date: /home/wael/kal_ws/install/kal_package/share/kal_package/src/description/main.urdf
-- Up-to-date: /home/wael/kal_ws/install/kal_package/share/kal_package/src/description/lidar.xacro
-- Installing: /home/wael/kal_ws/install/kal_package/share/kal_package/src/description/sensors.xacro
-- Up-to-date: /home/wael/kal_ws/install/kal_package/share/kal_package/src/description/inertial_fns.xacro
-- Up-to-date: /home/wael/kal_ws/install/kal_package/share/kal_package/src/description/imu.xacro
-- Up-to-date: /home/wael/kal_ws/install/kal_package/share/kal_package/src/description/ros2_control.xacro
-- Up-to-date: /home/wael/kal_ws/install/kal_package/share/kal_package/src/description/gazebo.xacro
-- Up-to-date: /home/wael/kal_ws/install/kal_package/share/kal_package/launch
-- Up-to-date: /home/wael/kal_ws/install/kal_package/share/kal_package/launch/localization_launch.py
-- Up-to-date: /home/wael/kal_ws/install/kal_package/share/kal_package/launch/online_async_launch.py
-- Up-to-date: /home/wael/kal_ws/install/kal_package/share/kal_package/launch/test_launch.py
-- Up-to-date: /home/wael/kal_ws/install/kal_package/share/kal_package/launch/navigation_launch.py
-- Up-to-date: /home/wael/kal_ws/install/kal_package/share/kal_package/launch/rsp.launch.py
-- Up-to-date: /home/wael/kal_ws/install/kal_package/share/kal_package/rviz
-- Up-to-date: /home/wael/kal_ws/install/kal_package/share/kal_package/config
-- Up-to-date: /home/wael/kal_ws/install/kal_package/share/kal_package/config/my_controllers.yaml
-- Up-to-date: /home/wael/kal_ws/install/kal_package/share/kal_package/config/mapper_params_localization.yaml
-- Up-to-date: /home/wael/kal_ws/install/kal_package/share/kal_package/config/nav2_params.yaml
-- Up-to-date: /home/wael/kal_ws/install/kal_package/share/kal_package/config/twist_mux.yaml
-- Up-to-date: /home/wael/kal_ws/install/kal_package/share/kal_package/config/mapper_params_online_async.yaml
-- Up-to-date: /home/wael/kal_ws/install/kal_package/share/kal_package/config/gazebo_params.yaml
-- Up-to-date: /home/wael/kal_ws/install/kal_package/share/kal_package/world
-- Up-to-date: /home/wael/kal_ws/install/kal_package/share/kal_package/world/waell.sdf
-- Up-to-date: /home/wael/kal_ws/install/kal_package/share/ament_index/resource_index/package_run_dependencies/kal_package
-- Up-to-date: /home/wael/kal_ws/install/kal_package/share/ament_index/resource_index/parent_prefix_path/kal_package
-- Up-to-date: /home/wael/kal_ws/install/kal_package/share/kal_package/environment/ament_prefix_path.sh
-- Up-to-date: /home/wael/kal_ws/install/kal_package/share/kal_package/environment/ament_prefix_path.dsv
-- Up-to-date: /home/wael/kal_ws/install/kal_package/share/kal_package/environment/path.sh
-- Up-to-date: /home/wael/kal_ws/install/kal_package/share/kal_package/environment/path.dsv
-- Up-to-date: /home/wael/kal_ws/install/kal_package/share/kal_package/local_setup.bash
-- Up-to-date: /home/wael/kal_ws/install/kal_package/share/kal_package/local_setup.sh
-- Up-to-date: /home/wael/kal_ws/install/kal_package/share/kal_package/local_setup.zsh
-- Up-to-date: /home/wael/kal_ws/install/kal_package/share/kal_package/local_setup.dsv
-- Installing: /home/wael/kal_ws/install/kal_package/share/kal_package/package.dsv
-- Up-to-date: /home/wael/kal_ws/install/kal_package/share/ament_index/resource_index/packages/kal_package
-- Up-to-date: /home/wael/kal_ws/install/kal_package/share/kal_package/cmake/kal_packageConfig.cmake
-- Up-to-date: /home/wael/kal_ws/install/kal_package/share/kal_package/cmake/kal_packageConfig-version.cmake
-- Up-to-date: /home/wael/kal_ws/install/kal_package/share/kal_package/package.xml
