[10.989s] DEBUG:colcon:Command line arguments: ['/usr/bin/colcon', 'build']
[10.989s] DEBUG:colcon:Parsed command line arguments: Namespace(log_base=None, log_level=None, verb_name='build', build_base='build', install_base='install', merge_install=False, symlink_install=False, test_result_base=None, continue_on_error=False, executor='parallel', parallel_workers=4, event_handlers=None, ignore_user_meta=False, metas=['./colcon.meta'], base_paths=['.'], packages_ignore=None, packages_ignore_regex=None, paths=None, packages_up_to=None, packages_up_to_regex=None, packages_above=None, packages_above_and_dependencies=None, packages_above_depth=None, packages_select_by_dep=None, packages_skip_by_dep=None, packages_skip_up_to=None, packages_select_build_failed=False, packages_skip_build_finished=False, packages_select_test_failures=False, packages_skip_test_passed=False, packages_select=None, packages_skip=None, packages_select_regex=None, packages_skip_regex=None, packages_start=None, packages_end=None, allow_overriding=[], cmake_args=None, cmake_target=None, cmake_target_skip_unavailable=False, cmake_clean_cache=False, cmake_clean_first=False, cmake_force_configure=False, ament_cmake_args=None, catkin_cmake_args=None, catkin_skip_building_tests=False, verb_parser=<colcon_defaults.argument_parser.defaults.DefaultArgumentsDecorator object at 0x7f1688b90f70>, verb_extension=<colcon_core.verb.build.BuildVerb object at 0x7f1688b90820>, main=<bound method BuildVerb.main of <colcon_core.verb.build.BuildVerb object at 0x7f1688b90820>>)
[11.445s] Level 1:colcon.colcon_core.package_discovery:discover_packages(colcon_meta) check parameters
[11.445s] Level 1:colcon.colcon_core.package_discovery:discover_packages(recursive) check parameters
[11.445s] Level 1:colcon.colcon_core.package_discovery:discover_packages(ignore) check parameters
[11.446s] Level 1:colcon.colcon_core.package_discovery:discover_packages(path) check parameters
[11.446s] Level 1:colcon.colcon_core.package_discovery:discover_packages(colcon_meta) discover
[11.446s] Level 1:colcon.colcon_core.package_discovery:discover_packages(recursive) discover
[11.446s] INFO:colcon.colcon_core.package_discovery:Crawling recursively for packages in '/home/wael/wael_ws/wael_package'
[11.446s] Level 1:colcon.colcon_core.package_identification:_identify(.) by extensions ['ignore', 'ignore_ament_install']
[11.446s] Level 1:colcon.colcon_core.package_identification:_identify(.) by extension 'ignore'
[11.446s] Level 1:colcon.colcon_core.package_identification:_identify(.) by extension 'ignore_ament_install'
[11.446s] Level 1:colcon.colcon_core.package_identification:_identify(.) by extensions ['colcon_pkg']
[11.446s] Level 1:colcon.colcon_core.package_identification:_identify(.) by extension 'colcon_pkg'
[11.446s] Level 1:colcon.colcon_core.package_identification:_identify(.) by extensions ['colcon_meta']
[11.446s] Level 1:colcon.colcon_core.package_identification:_identify(.) by extension 'colcon_meta'
[11.446s] Level 1:colcon.colcon_core.package_identification:_identify(.) by extensions ['ros']
[11.446s] Level 1:colcon.colcon_core.package_identification:_identify(.) by extension 'ros'
[11.482s] DEBUG:colcon.colcon_core.package_identification:Package '.' with type 'ros.ament_cmake' and name 'wael_package'
[11.482s] Level 1:colcon.colcon_core.package_discovery:discover_packages(recursive) using defaults
[11.482s] Level 1:colcon.colcon_core.package_discovery:discover_packages(ignore) discover
[11.483s] Level 1:colcon.colcon_core.package_discovery:discover_packages(ignore) using defaults
[11.483s] Level 1:colcon.colcon_core.package_discovery:discover_packages(path) discover
[11.483s] Level 1:colcon.colcon_core.package_discovery:discover_packages(path) using defaults
[11.861s] Level 1:colcon.colcon_core.package_discovery:discover_packages(prefix_path) check parameters
[11.861s] Level 1:colcon.colcon_core.package_discovery:discover_packages(prefix_path) discover
[11.900s] DEBUG:colcon.colcon_installed_package_information.package_discovery:Found 1 installed packages in /home/wael/wael_ws/wael_package/install
[11.919s] DEBUG:colcon.colcon_installed_package_information.package_discovery:Found 372 installed packages in /opt/ros/humble
[11.921s] Level 1:colcon.colcon_core.package_discovery:discover_packages(prefix_path) using defaults
[12.105s] Level 5:colcon.colcon_core.verb:set package 'wael_package' build argument 'cmake_args' from command line to 'None'
[12.105s] Level 5:colcon.colcon_core.verb:set package 'wael_package' build argument 'cmake_target' from command line to 'None'
[12.105s] Level 5:colcon.colcon_core.verb:set package 'wael_package' build argument 'cmake_target_skip_unavailable' from command line to 'False'
[12.105s] Level 5:colcon.colcon_core.verb:set package 'wael_package' build argument 'cmake_clean_cache' from command line to 'False'
[12.105s] Level 5:colcon.colcon_core.verb:set package 'wael_package' build argument 'cmake_clean_first' from command line to 'False'
[12.105s] Level 5:colcon.colcon_core.verb:set package 'wael_package' build argument 'cmake_force_configure' from command line to 'False'
[12.105s] Level 5:colcon.colcon_core.verb:set package 'wael_package' build argument 'ament_cmake_args' from command line to 'None'
[12.106s] Level 5:colcon.colcon_core.verb:set package 'wael_package' build argument 'catkin_cmake_args' from command line to 'None'
[12.106s] Level 5:colcon.colcon_core.verb:set package 'wael_package' build argument 'catkin_skip_building_tests' from command line to 'False'
[12.106s] DEBUG:colcon.colcon_core.verb:Building package 'wael_package' with the following arguments: {'ament_cmake_args': None, 'build_base': '/home/wael/wael_ws/wael_package/build/wael_package', 'catkin_cmake_args': None, 'catkin_skip_building_tests': False, 'cmake_args': None, 'cmake_clean_cache': False, 'cmake_clean_first': False, 'cmake_force_configure': False, 'cmake_target': None, 'cmake_target_skip_unavailable': False, 'install_base': '/home/wael/wael_ws/wael_package/install/wael_package', 'merge_install': False, 'path': '/home/wael/wael_ws/wael_package', 'symlink_install': False, 'test_result_base': None}
[12.124s] INFO:colcon.colcon_core.executor:Executing jobs using 'parallel' executor
[12.142s] DEBUG:colcon.colcon_parallel_executor.executor.parallel:run_until_complete
[12.143s] INFO:colcon.colcon_ros.task.ament_cmake.build:Building ROS package in '/home/wael/wael_ws/wael_package' with build type 'ament_cmake'
[12.143s] INFO:colcon.colcon_cmake.task.cmake.build:Building CMake package in '/home/wael/wael_ws/wael_package'
[12.233s] INFO:colcon.colcon_core.plugin_system:Skipping extension 'colcon_core.shell.bat': Not used on non-Windows systems
[12.234s] INFO:colcon.colcon_core.shell:Skip shell extension 'powershell' for command environment: Not usable outside of PowerShell
[12.234s] DEBUG:colcon.colcon_core.shell:Skip shell extension 'dsv' for command environment
[12.347s] DEBUG:colcon.colcon_core.event_handler.log_command:Invoking command in '/home/wael/wael_ws/wael_package/build/wael_package': CMAKE_PREFIX_PATH=${CMAKE_PREFIX_PATH}:/opt/ros/humble /usr/bin/cmake --build /home/wael/wael_ws/wael_package/build/wael_package -- -j4 -l4
[13.092s] DEBUG:colcon.colcon_core.event_handler.log_command:Invoked command in '/home/wael/wael_ws/wael_package/build/wael_package' returned '0': CMAKE_PREFIX_PATH=${CMAKE_PREFIX_PATH}:/opt/ros/humble /usr/bin/cmake --build /home/wael/wael_ws/wael_package/build/wael_package -- -j4 -l4
[13.125s] DEBUG:colcon.colcon_core.event_handler.log_command:Invoking command in '/home/wael/wael_ws/wael_package/build/wael_package': CMAKE_PREFIX_PATH=${CMAKE_PREFIX_PATH}:/opt/ros/humble /usr/bin/cmake --install /home/wael/wael_ws/wael_package/build/wael_package
[13.304s] Level 1:colcon.colcon_core.environment:create_environment_scripts_only(wael_package)
[13.305s] DEBUG:colcon.colcon_core.event_handler.log_command:Invoked command in '/home/wael/wael_ws/wael_package/build/wael_package' returned '0': CMAKE_PREFIX_PATH=${CMAKE_PREFIX_PATH}:/opt/ros/humble /usr/bin/cmake --install /home/wael/wael_ws/wael_package/build/wael_package
[13.385s] Level 1:colcon.colcon_core.environment:checking '/home/wael/wael_ws/wael_package/install/wael_package' for CMake module files
[13.404s] Level 1:colcon.colcon_core.environment:checking '/home/wael/wael_ws/wael_package/install/wael_package' for CMake config files
[13.404s] Level 1:colcon.colcon_core.shell:create_environment_hook('wael_package', 'cmake_prefix_path')
[13.422s] INFO:colcon.colcon_core.shell:Creating environment hook '/home/wael/wael_ws/wael_package/install/wael_package/share/wael_package/hook/cmake_prefix_path.ps1'
[13.443s] INFO:colcon.colcon_core.shell:Creating environment descriptor '/home/wael/wael_ws/wael_package/install/wael_package/share/wael_package/hook/cmake_prefix_path.dsv'
[13.452s] INFO:colcon.colcon_core.shell:Creating environment hook '/home/wael/wael_ws/wael_package/install/wael_package/share/wael_package/hook/cmake_prefix_path.sh'
[13.454s] Level 1:colcon.colcon_core.environment:checking '/home/wael/wael_ws/wael_package/install/wael_package/lib'
[13.454s] Level 1:colcon.colcon_core.environment:checking '/home/wael/wael_ws/wael_package/install/wael_package/bin'
[13.454s] Level 1:colcon.colcon_core.environment:checking '/home/wael/wael_ws/wael_package/install/wael_package/lib/pkgconfig/wael_package.pc'
[13.455s] Level 1:colcon.colcon_core.environment:checking '/home/wael/wael_ws/wael_package/install/wael_package/lib/python3.10/site-packages'
[13.455s] Level 1:colcon.colcon_core.environment:checking '/home/wael/wael_ws/wael_package/install/wael_package/bin'
[13.474s] INFO:colcon.colcon_core.shell:Creating package script '/home/wael/wael_ws/wael_package/install/wael_package/share/wael_package/package.ps1'
[13.475s] INFO:colcon.colcon_core.shell:Creating package descriptor '/home/wael/wael_ws/wael_package/install/wael_package/share/wael_package/package.dsv'
[13.476s] INFO:colcon.colcon_core.shell:Creating package script '/home/wael/wael_ws/wael_package/install/wael_package/share/wael_package/package.sh'
[13.477s] INFO:colcon.colcon_core.shell:Creating package script '/home/wael/wael_ws/wael_package/install/wael_package/share/wael_package/package.bash'
[13.507s] INFO:colcon.colcon_core.shell:Creating package script '/home/wael/wael_ws/wael_package/install/wael_package/share/wael_package/package.zsh'
[13.523s] Level 1:colcon.colcon_core.environment:create_file_with_runtime_dependencies(/home/wael/wael_ws/wael_package/install/wael_package/share/colcon-core/packages/wael_package)
[13.564s] Level 1:colcon.colcon_core.environment:create_environment_scripts_only(wael_package)
[13.582s] Level 1:colcon.colcon_core.environment:checking '/home/wael/wael_ws/wael_package/install/wael_package' for CMake module files
[13.582s] Level 1:colcon.colcon_core.environment:checking '/home/wael/wael_ws/wael_package/install/wael_package' for CMake config files
[13.583s] Level 1:colcon.colcon_core.shell:create_environment_hook('wael_package', 'cmake_prefix_path')
[13.601s] INFO:colcon.colcon_core.shell:Creating environment hook '/home/wael/wael_ws/wael_package/install/wael_package/share/wael_package/hook/cmake_prefix_path.ps1'
[13.601s] INFO:colcon.colcon_core.shell:Creating environment descriptor '/home/wael/wael_ws/wael_package/install/wael_package/share/wael_package/hook/cmake_prefix_path.dsv'
[13.601s] INFO:colcon.colcon_core.shell:Creating environment hook '/home/wael/wael_ws/wael_package/install/wael_package/share/wael_package/hook/cmake_prefix_path.sh'
[13.602s] Level 1:colcon.colcon_core.environment:checking '/home/wael/wael_ws/wael_package/install/wael_package/lib'
[13.602s] Level 1:colcon.colcon_core.environment:checking '/home/wael/wael_ws/wael_package/install/wael_package/bin'
[13.602s] Level 1:colcon.colcon_core.environment:checking '/home/wael/wael_ws/wael_package/install/wael_package/lib/pkgconfig/wael_package.pc'
[13.602s] Level 1:colcon.colcon_core.environment:checking '/home/wael/wael_ws/wael_package/install/wael_package/lib/python3.10/site-packages'
[13.603s] Level 1:colcon.colcon_core.environment:checking '/home/wael/wael_ws/wael_package/install/wael_package/bin'
[13.621s] INFO:colcon.colcon_core.shell:Creating package script '/home/wael/wael_ws/wael_package/install/wael_package/share/wael_package/package.ps1'
[13.622s] INFO:colcon.colcon_core.shell:Creating package descriptor '/home/wael/wael_ws/wael_package/install/wael_package/share/wael_package/package.dsv'
[13.622s] INFO:colcon.colcon_core.shell:Creating package script '/home/wael/wael_ws/wael_package/install/wael_package/share/wael_package/package.sh'
[13.622s] INFO:colcon.colcon_core.shell:Creating package script '/home/wael/wael_ws/wael_package/install/wael_package/share/wael_package/package.bash'
[13.623s] INFO:colcon.colcon_core.shell:Creating package script '/home/wael/wael_ws/wael_package/install/wael_package/share/wael_package/package.zsh'
[13.623s] Level 1:colcon.colcon_core.environment:create_file_with_runtime_dependencies(/home/wael/wael_ws/wael_package/install/wael_package/share/colcon-core/packages/wael_package)
[13.624s] DEBUG:colcon.colcon_parallel_executor.executor.parallel:closing loop
[13.624s] DEBUG:colcon.colcon_parallel_executor.executor.parallel:loop closed
[13.624s] DEBUG:colcon.colcon_parallel_executor.executor.parallel:run_until_complete finished with '0'
[13.624s] DEBUG:colcon.colcon_core.event_reactor:joining thread
[13.670s] INFO:colcon.colcon_core.plugin_system:Skipping extension 'colcon_notification.desktop_notification.terminal_notifier': Not used on non-Darwin systems
[13.670s] INFO:colcon.colcon_core.plugin_system:Skipping extension 'colcon_notification.desktop_notification.win32': Not used on non-Windows systems
[13.670s] INFO:colcon.colcon_notification.desktop_notification:Sending desktop notification using 'notify2'
[13.686s] DEBUG:colcon.colcon_core.event_reactor:joined thread
[13.712s] INFO:colcon.colcon_core.shell:Creating prefix script '/home/wael/wael_ws/wael_package/install/local_setup.ps1'
[13.744s] INFO:colcon.colcon_core.shell:Creating prefix util module '/home/wael/wael_ws/wael_package/install/_local_setup_util_ps1.py'
[13.754s] INFO:colcon.colcon_core.shell:Creating prefix chain script '/home/wael/wael_ws/wael_package/install/setup.ps1'
[13.774s] INFO:colcon.colcon_core.shell:Creating prefix script '/home/wael/wael_ws/wael_package/install/local_setup.sh'
[13.786s] INFO:colcon.colcon_core.shell:Creating prefix util module '/home/wael/wael_ws/wael_package/install/_local_setup_util_sh.py'
[13.787s] INFO:colcon.colcon_core.shell:Creating prefix chain script '/home/wael/wael_ws/wael_package/install/setup.sh'
[13.806s] INFO:colcon.colcon_core.shell:Creating prefix script '/home/wael/wael_ws/wael_package/install/local_setup.bash'
[13.818s] INFO:colcon.colcon_core.shell:Creating prefix chain script '/home/wael/wael_ws/wael_package/install/setup.bash'
[13.837s] INFO:colcon.colcon_core.shell:Creating prefix script '/home/wael/wael_ws/wael_package/install/local_setup.zsh'
[13.856s] INFO:colcon.colcon_core.shell:Creating prefix chain script '/home/wael/wael_ws/wael_package/install/setup.zsh'
