[0.147s] Invoking command in '/home/wael/wael_ws/build/wael_package': CMAKE_PREFIX_PATH=/opt/ros/humble /usr/bin/cmake /home/wael/wael_ws/src/wael_package -DAMENT_CMAKE_SYMLINK_INSTALL=1 -DCMAKE_INSTALL_PREFIX=/home/wael/wael_ws/install/wael_package
[1.523s] -- The C compiler identification is GNU 11.4.0
[2.468s] -- The CXX compiler identification is GNU 11.4.0
[2.672s] -- Detecting C compiler ABI info
[2.870s] -- Detecting C compiler ABI info - done
[2.878s] -- Check for working C compiler: /usr/bin/cc - skipped
[2.879s] -- Detecting C compile features
[2.907s] -- Detecting C compile features - done
[2.948s] -- Detecting CXX compiler ABI info
[3.084s] -- Detecting CXX compiler ABI info - done
[3.093s] -- Check for working CXX compiler: /usr/bin/c++ - skipped
[3.094s] -- Detecting CXX compile features
[3.094s] -- Detecting CXX compile features - done
[3.127s] -- Found ament_cmake: 1.3.5 (/opt/ros/humble/share/ament_cmake/cmake)
[3.414s] -- Found Python3: /usr/bin/python3.10 (found version "3.10.12") found components: Interpreter 
[3.526s] -- Override CMake install command with custom implementation using symlinks instead of copying resources
[3.641s] -- Found ament_lint_auto: 0.12.8 (/opt/ros/humble/share/ament_lint_auto/cmake)
[3.868s] -- Added test 'flake8' to check Python code syntax and style conventions
[3.870s] -- Added test 'lint_cmake' to check CMake code style
[3.878s] -- Added test 'pep257' to check Python code against some of the docstring style conventions in PEP 257
[3.899s] -- Added test 'xmllint' to check XML markup files
[3.915s] -- Configuring done
[3.919s] -- Generating done
[3.920s] -- Build files have been written to: /home/wael/wael_ws/build/wael_package
[3.926s] Invoked command in '/home/wael/wael_ws/build/wael_package' returned '0': CMAKE_PREFIX_PATH=/opt/ros/humble /usr/bin/cmake /home/wael/wael_ws/src/wael_package -DAMENT_CMAKE_SYMLINK_INSTALL=1 -DCMAKE_INSTALL_PREFIX=/home/wael/wael_ws/install/wael_package
[3.928s] Invoking command in '/home/wael/wael_ws/build/wael_package': CMAKE_PREFIX_PATH=/opt/ros/humble /usr/bin/cmake --build /home/wael/wael_ws/build/wael_package -- -j4 -l4
[3.972s] Invoked command in '/home/wael/wael_ws/build/wael_package' returned '0': CMAKE_PREFIX_PATH=/opt/ros/humble /usr/bin/cmake --build /home/wael/wael_ws/build/wael_package -- -j4 -l4
[4.008s] Invoking command in '/home/wael/wael_ws/build/wael_package': CMAKE_PREFIX_PATH=/opt/ros/humble /usr/bin/cmake --install /home/wael/wael_ws/build/wael_package
[4.016s] -- Install configuration: ""
[4.017s] -- Execute custom install script
[4.019s] -- Symlinking: /home/wael/wael_ws/install/wael_package/share/wael_package/launch/listener.launch.py
[4.028s] -- Symlinking: /home/wael/wael_ws/install/wael_package/share/wael_package/launch/talker.launch.py
[4.040s] -- Symlinking: /home/wael/wael_ws/install/wael_package/share/ament_index/resource_index/package_run_dependencies/wael_package
[4.050s] -- Symlinking: /home/wael/wael_ws/install/wael_package/share/ament_index/resource_index/parent_prefix_path/wael_package
[4.061s] -- Symlinking: /home/wael/wael_ws/install/wael_package/share/wael_package/environment/ament_prefix_path.sh
[4.071s] -- Symlinking: /home/wael/wael_ws/install/wael_package/share/wael_package/environment/ament_prefix_path.dsv
[4.080s] -- Symlinking: /home/wael/wael_ws/install/wael_package/share/wael_package/environment/path.sh
[4.093s] -- Symlinking: /home/wael/wael_ws/install/wael_package/share/wael_package/environment/path.dsv
[4.103s] -- Symlinking: /home/wael/wael_ws/install/wael_package/share/wael_package/local_setup.bash
[4.112s] -- Symlinking: /home/wael/wael_ws/install/wael_package/share/wael_package/local_setup.sh
[4.124s] -- Symlinking: /home/wael/wael_ws/install/wael_package/share/wael_package/local_setup.zsh
[4.134s] -- Symlinking: /home/wael/wael_ws/install/wael_package/share/wael_package/local_setup.dsv
[4.143s] -- Symlinking: /home/wael/wael_ws/install/wael_package/share/wael_package/package.dsv
[4.155s] -- Symlinking: /home/wael/wael_ws/install/wael_package/share/ament_index/resource_index/packages/wael_package
[4.164s] -- Symlinking: /home/wael/wael_ws/install/wael_package/share/wael_package/cmake/wael_packageConfig.cmake
[4.174s] -- Symlinking: /home/wael/wael_ws/install/wael_package/share/wael_package/cmake/wael_packageConfig-version.cmake
[4.185s] -- Symlinking: /home/wael/wael_ws/install/wael_package/share/wael_package/package.xml
[4.197s] Invoked command in '/home/wael/wael_ws/build/wael_package' returned '0': CMAKE_PREFIX_PATH=/opt/ros/humble /usr/bin/cmake --install /home/wael/wael_ws/build/wael_package
