[1.377s] DEBUG:colcon:Command line arguments: ['/usr/bin/colcon', 'build']
[1.377s] DEBUG:colcon:Parsed command line arguments: Namespace(log_base=None, log_level=None, verb_name='build', build_base='build', install_base='install', merge_install=False, symlink_install=False, test_result_base=None, continue_on_error=False, executor='parallel', parallel_workers=4, event_handlers=None, ignore_user_meta=False, metas=['./colcon.meta'], base_paths=['.'], packages_ignore=None, packages_ignore_regex=None, paths=None, packages_up_to=None, packages_up_to_regex=None, packages_above=None, packages_above_and_dependencies=None, packages_above_depth=None, packages_select_by_dep=None, packages_skip_by_dep=None, packages_skip_up_to=None, packages_select_build_failed=False, packages_skip_build_finished=False, packages_select_test_failures=False, packages_skip_test_passed=False, packages_select=None, packages_skip=None, packages_select_regex=None, packages_skip_regex=None, packages_start=None, packages_end=None, allow_overriding=[], cmake_args=None, cmake_target=None, cmake_target_skip_unavailable=False, cmake_clean_cache=False, cmake_clean_first=False, cmake_force_configure=False, ament_cmake_args=None, catkin_cmake_args=None, catkin_skip_building_tests=False, verb_parser=<colcon_defaults.argument_parser.defaults.DefaultArgumentsDecorator object at 0x7f1dfe2a5540>, verb_extension=<colcon_core.verb.build.BuildVerb object at 0x7f1dfe2a5ab0>, main=<bound method BuildVerb.main of <colcon_core.verb.build.BuildVerb object at 0x7f1dfe2a5ab0>>)
[1.445s] Level 1:colcon.colcon_core.package_discovery:discover_packages(colcon_meta) check parameters
[1.445s] Level 1:colcon.colcon_core.package_discovery:discover_packages(recursive) check parameters
[1.445s] Level 1:colcon.colcon_core.package_discovery:discover_packages(ignore) check parameters
[1.445s] Level 1:colcon.colcon_core.package_discovery:discover_packages(path) check parameters
[1.445s] Level 1:colcon.colcon_core.package_discovery:discover_packages(colcon_meta) discover
[1.445s] Level 1:colcon.colcon_core.package_discovery:discover_packages(recursive) discover
[1.445s] INFO:colcon.colcon_core.package_discovery:Crawling recursively for packages in '/home/wael/wael_ws/wael_package'
[1.446s] Level 1:colcon.colcon_core.package_identification:_identify(.) by extensions ['ignore', 'ignore_ament_install']
[1.446s] Level 1:colcon.colcon_core.package_identification:_identify(.) by extension 'ignore'
[1.446s] Level 1:colcon.colcon_core.package_identification:_identify(.) by extension 'ignore_ament_install'
[1.446s] Level 1:colcon.colcon_core.package_identification:_identify(.) by extensions ['colcon_pkg']
[1.446s] Level 1:colcon.colcon_core.package_identification:_identify(.) by extension 'colcon_pkg'
[1.446s] Level 1:colcon.colcon_core.package_identification:_identify(.) by extensions ['colcon_meta']
[1.446s] Level 1:colcon.colcon_core.package_identification:_identify(.) by extension 'colcon_meta'
[1.446s] Level 1:colcon.colcon_core.package_identification:_identify(.) by extensions ['ros']
[1.446s] Level 1:colcon.colcon_core.package_identification:_identify(.) by extension 'ros'
[1.461s] DEBUG:colcon.colcon_core.package_identification:Package '.' with type 'ros.ament_cmake' and name 'wael_package'
[1.461s] Level 1:colcon.colcon_core.package_discovery:discover_packages(recursive) using defaults
[1.461s] Level 1:colcon.colcon_core.package_discovery:discover_packages(ignore) discover
[1.461s] Level 1:colcon.colcon_core.package_discovery:discover_packages(ignore) using defaults
[1.461s] Level 1:colcon.colcon_core.package_discovery:discover_packages(path) discover
[1.461s] Level 1:colcon.colcon_core.package_discovery:discover_packages(path) using defaults
[1.570s] Level 1:colcon.colcon_core.package_discovery:discover_packages(prefix_path) check parameters
[1.570s] Level 1:colcon.colcon_core.package_discovery:discover_packages(prefix_path) discover
[1.608s] DEBUG:colcon.colcon_installed_package_information.package_discovery:Found 1 installed packages in /home/wael/wael_ws/wael_package/install
[1.627s] DEBUG:colcon.colcon_installed_package_information.package_discovery:Found 372 installed packages in /opt/ros/humble
[1.628s] Level 1:colcon.colcon_core.package_discovery:discover_packages(prefix_path) using defaults
[1.781s] Level 5:colcon.colcon_core.verb:set package 'wael_package' build argument 'cmake_args' from command line to 'None'
[1.781s] Level 5:colcon.colcon_core.verb:set package 'wael_package' build argument 'cmake_target' from command line to 'None'
[1.782s] Level 5:colcon.colcon_core.verb:set package 'wael_package' build argument 'cmake_target_skip_unavailable' from command line to 'False'
[1.782s] Level 5:colcon.colcon_core.verb:set package 'wael_package' build argument 'cmake_clean_cache' from command line to 'False'
[1.782s] Level 5:colcon.colcon_core.verb:set package 'wael_package' build argument 'cmake_clean_first' from command line to 'False'
[1.782s] Level 5:colcon.colcon_core.verb:set package 'wael_package' build argument 'cmake_force_configure' from command line to 'False'
[1.782s] Level 5:colcon.colcon_core.verb:set package 'wael_package' build argument 'ament_cmake_args' from command line to 'None'
[1.782s] Level 5:colcon.colcon_core.verb:set package 'wael_package' build argument 'catkin_cmake_args' from command line to 'None'
[1.782s] Level 5:colcon.colcon_core.verb:set package 'wael_package' build argument 'catkin_skip_building_tests' from command line to 'False'
[1.782s] DEBUG:colcon.colcon_core.verb:Building package 'wael_package' with the following arguments: {'ament_cmake_args': None, 'build_base': '/home/wael/wael_ws/wael_package/build/wael_package', 'catkin_cmake_args': None, 'catkin_skip_building_tests': False, 'cmake_args': None, 'cmake_clean_cache': False, 'cmake_clean_first': False, 'cmake_force_configure': False, 'cmake_target': None, 'cmake_target_skip_unavailable': False, 'install_base': '/home/wael/wael_ws/wael_package/install/wael_package', 'merge_install': False, 'path': '/home/wael/wael_ws/wael_package', 'symlink_install': False, 'test_result_base': None}
[1.800s] INFO:colcon.colcon_core.executor:Executing jobs using 'parallel' executor
[1.818s] DEBUG:colcon.colcon_parallel_executor.executor.parallel:run_until_complete
[1.819s] INFO:colcon.colcon_ros.task.ament_cmake.build:Building ROS package in '/home/wael/wael_ws/wael_package' with build type 'ament_cmake'
[1.819s] INFO:colcon.colcon_cmake.task.cmake.build:Building CMake package in '/home/wael/wael_ws/wael_package'
[1.840s] INFO:colcon.colcon_core.plugin_system:Skipping extension 'colcon_core.shell.bat': Not used on non-Windows systems
[1.840s] INFO:colcon.colcon_core.shell:Skip shell extension 'powershell' for command environment: Not usable outside of PowerShell
[1.840s] DEBUG:colcon.colcon_core.shell:Skip shell extension 'dsv' for command environment
[1.903s] DEBUG:colcon.colcon_core.event_handler.log_command:Invoking command in '/home/wael/wael_ws/wael_package/build/wael_package': CMAKE_PREFIX_PATH=${CMAKE_PREFIX_PATH}:/opt/ros/humble /usr/bin/cmake --build /home/wael/wael_ws/wael_package/build/wael_package -- -j4 -l4
[2.032s] DEBUG:colcon.colcon_core.event_handler.log_command:Invoked command in '/home/wael/wael_ws/wael_package/build/wael_package' returned '0': CMAKE_PREFIX_PATH=${CMAKE_PREFIX_PATH}:/opt/ros/humble /usr/bin/cmake --build /home/wael/wael_ws/wael_package/build/wael_package -- -j4 -l4
[2.033s] DEBUG:colcon.colcon_core.event_handler.log_command:Invoking command in '/home/wael/wael_ws/wael_package/build/wael_package': CMAKE_PREFIX_PATH=${CMAKE_PREFIX_PATH}:/opt/ros/humble /usr/bin/cmake --install /home/wael/wael_ws/wael_package/build/wael_package
[2.054s] Level 1:colcon.colcon_core.environment:create_environment_scripts_only(wael_package)
[2.055s] DEBUG:colcon.colcon_core.event_handler.log_command:Invoked command in '/home/wael/wael_ws/wael_package/build/wael_package' returned '0': CMAKE_PREFIX_PATH=${CMAKE_PREFIX_PATH}:/opt/ros/humble /usr/bin/cmake --install /home/wael/wael_ws/wael_package/build/wael_package
[2.077s] Level 1:colcon.colcon_core.environment:checking '/home/wael/wael_ws/wael_package/install/wael_package' for CMake module files
[2.077s] Level 1:colcon.colcon_core.environment:checking '/home/wael/wael_ws/wael_package/install/wael_package' for CMake config files
[2.078s] Level 1:colcon.colcon_core.shell:create_environment_hook('wael_package', 'cmake_prefix_path')
[2.097s] INFO:colcon.colcon_core.shell:Creating environment hook '/home/wael/wael_ws/wael_package/install/wael_package/share/wael_package/hook/cmake_prefix_path.ps1'
[2.098s] INFO:colcon.colcon_core.shell:Creating environment descriptor '/home/wael/wael_ws/wael_package/install/wael_package/share/wael_package/hook/cmake_prefix_path.dsv'
[2.099s] INFO:colcon.colcon_core.shell:Creating environment hook '/home/wael/wael_ws/wael_package/install/wael_package/share/wael_package/hook/cmake_prefix_path.sh'
[2.100s] Level 1:colcon.colcon_core.environment:checking '/home/wael/wael_ws/wael_package/install/wael_package/lib'
[2.100s] Level 1:colcon.colcon_core.environment:checking '/home/wael/wael_ws/wael_package/install/wael_package/bin'
[2.100s] Level 1:colcon.colcon_core.environment:checking '/home/wael/wael_ws/wael_package/install/wael_package/lib/pkgconfig/wael_package.pc'
[2.100s] Level 1:colcon.colcon_core.environment:checking '/home/wael/wael_ws/wael_package/install/wael_package/lib/python3.10/site-packages'
[2.101s] Level 1:colcon.colcon_core.environment:checking '/home/wael/wael_ws/wael_package/install/wael_package/bin'
[2.120s] INFO:colcon.colcon_core.shell:Creating package script '/home/wael/wael_ws/wael_package/install/wael_package/share/wael_package/package.ps1'
[2.121s] INFO:colcon.colcon_core.shell:Creating package descriptor '/home/wael/wael_ws/wael_package/install/wael_package/share/wael_package/package.dsv'
[2.122s] INFO:colcon.colcon_core.shell:Creating package script '/home/wael/wael_ws/wael_package/install/wael_package/share/wael_package/package.sh'
[2.123s] INFO:colcon.colcon_core.shell:Creating package script '/home/wael/wael_ws/wael_package/install/wael_package/share/wael_package/package.bash'
[2.123s] INFO:colcon.colcon_core.shell:Creating package script '/home/wael/wael_ws/wael_package/install/wael_package/share/wael_package/package.zsh'
[2.124s] Level 1:colcon.colcon_core.environment:create_file_with_runtime_dependencies(/home/wael/wael_ws/wael_package/install/wael_package/share/colcon-core/packages/wael_package)
[2.165s] Level 1:colcon.colcon_core.environment:create_environment_scripts_only(wael_package)
[2.184s] Level 1:colcon.colcon_core.environment:checking '/home/wael/wael_ws/wael_package/install/wael_package' for CMake module files
[2.185s] Level 1:colcon.colcon_core.environment:checking '/home/wael/wael_ws/wael_package/install/wael_package' for CMake config files
[2.185s] Level 1:colcon.colcon_core.shell:create_environment_hook('wael_package', 'cmake_prefix_path')
[2.203s] INFO:colcon.colcon_core.shell:Creating environment hook '/home/wael/wael_ws/wael_package/install/wael_package/share/wael_package/hook/cmake_prefix_path.ps1'
[2.203s] INFO:colcon.colcon_core.shell:Creating environment descriptor '/home/wael/wael_ws/wael_package/install/wael_package/share/wael_package/hook/cmake_prefix_path.dsv'
[2.204s] INFO:colcon.colcon_core.shell:Creating environment hook '/home/wael/wael_ws/wael_package/install/wael_package/share/wael_package/hook/cmake_prefix_path.sh'
[2.204s] Level 1:colcon.colcon_core.environment:checking '/home/wael/wael_ws/wael_package/install/wael_package/lib'
[2.205s] Level 1:colcon.colcon_core.environment:checking '/home/wael/wael_ws/wael_package/install/wael_package/bin'
[2.205s] Level 1:colcon.colcon_core.environment:checking '/home/wael/wael_ws/wael_package/install/wael_package/lib/pkgconfig/wael_package.pc'
[2.205s] Level 1:colcon.colcon_core.environment:checking '/home/wael/wael_ws/wael_package/install/wael_package/lib/python3.10/site-packages'
[2.205s] Level 1:colcon.colcon_core.environment:checking '/home/wael/wael_ws/wael_package/install/wael_package/bin'
[2.223s] INFO:colcon.colcon_core.shell:Creating package script '/home/wael/wael_ws/wael_package/install/wael_package/share/wael_package/package.ps1'
[2.224s] INFO:colcon.colcon_core.shell:Creating package descriptor '/home/wael/wael_ws/wael_package/install/wael_package/share/wael_package/package.dsv'
[2.224s] INFO:colcon.colcon_core.shell:Creating package script '/home/wael/wael_ws/wael_package/install/wael_package/share/wael_package/package.sh'
[2.225s] INFO:colcon.colcon_core.shell:Creating package script '/home/wael/wael_ws/wael_package/install/wael_package/share/wael_package/package.bash'
[2.225s] INFO:colcon.colcon_core.shell:Creating package script '/home/wael/wael_ws/wael_package/install/wael_package/share/wael_package/package.zsh'
[2.226s] Level 1:colcon.colcon_core.environment:create_file_with_runtime_dependencies(/home/wael/wael_ws/wael_package/install/wael_package/share/colcon-core/packages/wael_package)
[2.226s] DEBUG:colcon.colcon_parallel_executor.executor.parallel:closing loop
[2.226s] DEBUG:colcon.colcon_parallel_executor.executor.parallel:loop closed
[2.226s] DEBUG:colcon.colcon_parallel_executor.executor.parallel:run_until_complete finished with '0'
[2.226s] DEBUG:colcon.colcon_core.event_reactor:joining thread
[2.251s] INFO:colcon.colcon_core.plugin_system:Skipping extension 'colcon_notification.desktop_notification.terminal_notifier': Not used on non-Darwin systems
[2.252s] INFO:colcon.colcon_core.plugin_system:Skipping extension 'colcon_notification.desktop_notification.win32': Not used on non-Windows systems
[2.252s] INFO:colcon.colcon_notification.desktop_notification:Sending desktop notification using 'notify2'
[2.261s] DEBUG:colcon.colcon_core.event_reactor:joined thread
[2.280s] INFO:colcon.colcon_core.shell:Creating prefix script '/home/wael/wael_ws/wael_package/install/local_setup.ps1'
[2.281s] INFO:colcon.colcon_core.shell:Creating prefix util module '/home/wael/wael_ws/wael_package/install/_local_setup_util_ps1.py'
[2.282s] INFO:colcon.colcon_core.shell:Creating prefix chain script '/home/wael/wael_ws/wael_package/install/setup.ps1'
[2.301s] INFO:colcon.colcon_core.shell:Creating prefix script '/home/wael/wael_ws/wael_package/install/local_setup.sh'
[2.302s] INFO:colcon.colcon_core.shell:Creating prefix util module '/home/wael/wael_ws/wael_package/install/_local_setup_util_sh.py'
[2.303s] INFO:colcon.colcon_core.shell:Creating prefix chain script '/home/wael/wael_ws/wael_package/install/setup.sh'
[2.321s] INFO:colcon.colcon_core.shell:Creating prefix script '/home/wael/wael_ws/wael_package/install/local_setup.bash'
[2.322s] INFO:colcon.colcon_core.shell:Creating prefix chain script '/home/wael/wael_ws/wael_package/install/setup.bash'
[2.341s] INFO:colcon.colcon_core.shell:Creating prefix script '/home/wael/wael_ws/wael_package/install/local_setup.zsh'
[2.341s] INFO:colcon.colcon_core.shell:Creating prefix chain script '/home/wael/wael_ws/wael_package/install/setup.zsh'
