[0.076s] Invoking command in '/home/wael/wael_ws/wael_package/build/wael_package': CMAKE_PREFIX_PATH=${CMAKE_PREFIX_PATH}:/opt/ros/humble /usr/bin/cmake /home/wael/wael_ws/wael_package -DCMAKE_INSTALL_PREFIX=/home/wael/wael_ws/wael_package/install/wael_package
[0.133s] -- The C compiler identification is GNU 11.4.0
[0.190s] -- The CXX compiler identification is GNU 11.4.0
[0.197s] -- Detecting C compiler ABI info
[0.267s] -- Detecting C compiler ABI info - done
[0.275s] -- Check for working C compiler: /usr/bin/cc - skipped
[0.276s] -- Detecting C compile features
[0.276s] -- Detecting C compile features - done
[0.279s] -- Detecting CXX compiler ABI info
[0.362s] -- Detecting CXX compiler ABI info - done
[0.370s] -- Check for working CXX compiler: /usr/bin/c++ - skipped
[0.370s] -- Detecting CXX compile features
[0.371s] -- Detecting CXX compile features - done
[0.373s] -- Found ament_cmake: 1.3.5 (/opt/ros/humble/share/ament_cmake/cmake)
[0.550s] -- Found Python3: /usr/bin/python3.10 (found version "3.10.12") found components: Interpreter 
[0.639s] -- Found ament_lint_auto: 0.12.8 (/opt/ros/humble/share/ament_lint_auto/cmake)
[0.721s] -- Added test 'cppcheck' to perform static code analysis on C / C++ code
[0.721s] -- Configured cppcheck include dirs: 
[0.722s] -- Configured cppcheck exclude dirs and/or files: 
[0.723s] -- Added test 'flake8' to check Python code syntax and style conventions
[0.724s] -- Added test 'lint_cmake' to check CMake code style
[0.725s] -- Added test 'pep257' to check Python code against some of the docstring style conventions in PEP 257
[0.730s] -- Added test 'uncrustify' to check C / C++ code style
[0.731s] -- Configured uncrustify additional arguments: 
[0.732s] -- Added test 'xmllint' to check XML markup files
[0.733s] -- Configuring done
[0.736s] -- Generating done
[0.737s] -- Build files have been written to: /home/wael/wael_ws/wael_package/build/wael_package
[0.743s] Invoked command in '/home/wael/wael_ws/wael_package/build/wael_package' returned '0': CMAKE_PREFIX_PATH=${CMAKE_PREFIX_PATH}:/opt/ros/humble /usr/bin/cmake /home/wael/wael_ws/wael_package -DCMAKE_INSTALL_PREFIX=/home/wael/wael_ws/wael_package/install/wael_package
[0.745s] Invoking command in '/home/wael/wael_ws/wael_package/build/wael_package': CMAKE_PREFIX_PATH=${CMAKE_PREFIX_PATH}:/opt/ros/humble /usr/bin/cmake --build /home/wael/wael_ws/wael_package/build/wael_package -- -j4 -l4
[0.783s] Invoked command in '/home/wael/wael_ws/wael_package/build/wael_package' returned '0': CMAKE_PREFIX_PATH=${CMAKE_PREFIX_PATH}:/opt/ros/humble /usr/bin/cmake --build /home/wael/wael_ws/wael_package/build/wael_package -- -j4 -l4
[0.816s] Invoking command in '/home/wael/wael_ws/wael_package/build/wael_package': CMAKE_PREFIX_PATH=${CMAKE_PREFIX_PATH}:/opt/ros/humble /usr/bin/cmake --install /home/wael/wael_ws/wael_package/build/wael_package
[0.823s] -- Install configuration: ""
[0.824s] -- Installing: /home/wael/wael_ws/wael_package/install/wael_package/share/wael_package/src
[0.824s] -- Installing: /home/wael/wael_ws/wael_package/install/wael_package/share/wael_package/src/fyp_kal_robot_description.urdf
[0.824s] -- Installing: /home/wael/wael_ws/wael_package/install/wael_package/share/wael_package/launch
[0.824s] -- Installing: /home/wael/wael_ws/wael_package/install/wael_package/share/wael_package/launch/display.launch.py
[0.824s] -- Installing: /home/wael/wael_ws/wael_package/install/wael_package/share/wael_package/rviz
[0.824s] -- Installing: /home/wael/wael_ws/wael_package/install/wael_package/share/wael_package/rviz/urdf_config.rviz
[0.824s] -- Installing: /home/wael/wael_ws/wael_package/install/wael_package/share/ament_index/resource_index/package_run_dependencies/wael_package
[0.825s] -- Installing: /home/wael/wael_ws/wael_package/install/wael_package/share/ament_index/resource_index/parent_prefix_path/wael_package
[0.825s] -- Installing: /home/wael/wael_ws/wael_package/install/wael_package/share/wael_package/environment/ament_prefix_path.sh
[0.825s] -- Installing: /home/wael/wael_ws/wael_package/install/wael_package/share/wael_package/environment/ament_prefix_path.dsv
[0.825s] -- Installing: /home/wael/wael_ws/wael_package/install/wael_package/share/wael_package/environment/path.sh
[0.825s] -- Installing: /home/wael/wael_ws/wael_package/install/wael_package/share/wael_package/environment/path.dsv
[0.825s] -- Installing: /home/wael/wael_ws/wael_package/install/wael_package/share/wael_package/local_setup.bash
[0.826s] -- Installing: /home/wael/wael_ws/wael_package/install/wael_package/share/wael_package/local_setup.sh
[0.826s] -- Installing: /home/wael/wael_ws/wael_package/install/wael_package/share/wael_package/local_setup.zsh
[0.826s] -- Installing: /home/wael/wael_ws/wael_package/install/wael_package/share/wael_package/local_setup.dsv
[0.826s] -- Installing: /home/wael/wael_ws/wael_package/install/wael_package/share/wael_package/package.dsv
[0.826s] -- Installing: /home/wael/wael_ws/wael_package/install/wael_package/share/ament_index/resource_index/packages/wael_package
[0.827s] -- Installing: /home/wael/wael_ws/wael_package/install/wael_package/share/wael_package/cmake/wael_packageConfig.cmake
[0.827s] -- Installing: /home/wael/wael_ws/wael_package/install/wael_package/share/wael_package/cmake/wael_packageConfig-version.cmake
[0.827s] -- Installing: /home/wael/wael_ws/wael_package/install/wael_package/share/wael_package/package.xml
[0.829s] Invoked command in '/home/wael/wael_ws/wael_package/build/wael_package' returned '0': CMAKE_PREFIX_PATH=${CMAKE_PREFIX_PATH}:/opt/ros/humble /usr/bin/cmake --install /home/wael/wael_ws/wael_package/build/wael_package
