[0.165s] Invoking command in '/home/wael/wael_ws/wael_package/build/wael_package': CMAKE_PREFIX_PATH=${CMAKE_PREFIX_PATH}:/opt/ros/humble /usr/bin/cmake --build /home/wael/wael_ws/wael_package/build/wael_package -- -j4 -l4
[0.376s] Invoked command in '/home/wael/wael_ws/wael_package/build/wael_package' returned '0': CMAKE_PREFIX_PATH=${CMAKE_PREFIX_PATH}:/opt/ros/humble /usr/bin/cmake --build /home/wael/wael_ws/wael_package/build/wael_package -- -j4 -l4
[0.409s] Invoking command in '/home/wael/wael_ws/wael_package/build/wael_package': CMAKE_PREFIX_PATH=${CMAKE_PREFIX_PATH}:/opt/ros/humble /usr/bin/cmake --install /home/wael/wael_ws/wael_package/build/wael_package
[0.430s] -- Install configuration: ""
[0.442s] -- Execute custom install script
[0.442s] -- Up-to-date symlink: /home/wael/wael_ws/wael_package/install/wael_package/share/wael_package/src/description/base.xacro
[0.442s] -- Up-to-date symlink: /home/wael/wael_ws/wael_package/install/wael_package/share/wael_package/src/description/gazebo.xacro
[0.442s] -- Up-to-date symlink: /home/wael/wael_ws/wael_package/install/wael_package/share/wael_package/src/description/main.urdf
[0.443s] -- Up-to-date symlink: /home/wael/wael_ws/wael_package/install/wael_package/share/wael_package/src/description/sensors.xacro
[0.443s] -- Up-to-date symlink: /home/wael/wael_ws/wael_package/install/wael_package/share/wael_package/src/description/wheels.xacro
[0.443s] -- Up-to-date symlink: /home/wael/wael_ws/wael_package/install/wael_package/share/wael_package/launch/new.display.launch.py
[0.443s] -- Up-to-date symlink: /home/wael/wael_ws/wael_package/install/wael_package/share/wael_package/launch/old/display.launch.py
[0.443s] -- Up-to-date symlink: /home/wael/wael_ws/wael_package/install/wael_package/share/wael_package/launch/old/display.launch2.py
[0.444s] -- Up-to-date symlink: /home/wael/wael_ws/wael_package/install/wael_package/share/wael_package/rviz/urdf_config.rviz
[0.444s] -- Up-to-date symlink: /home/wael/wael_ws/wael_package/install/wael_package/share/wael_package/config/ekf.yaml
[0.444s] -- Up-to-date symlink: /home/wael/wael_ws/wael_package/install/wael_package/share/wael_package/world/my_world.sdf
[0.445s] -- Up-to-date symlink: /home/wael/wael_ws/wael_package/install/wael_package/share/ament_index/resource_index/package_run_dependencies/wael_package
[0.445s] -- Up-to-date symlink: /home/wael/wael_ws/wael_package/install/wael_package/share/ament_index/resource_index/parent_prefix_path/wael_package
[0.445s] -- Up-to-date symlink: /home/wael/wael_ws/wael_package/install/wael_package/share/wael_package/environment/ament_prefix_path.sh
[0.446s] -- Up-to-date symlink: /home/wael/wael_ws/wael_package/install/wael_package/share/wael_package/environment/ament_prefix_path.dsv
[0.446s] -- Up-to-date symlink: /home/wael/wael_ws/wael_package/install/wael_package/share/wael_package/environment/path.sh
[0.446s] -- Up-to-date symlink: /home/wael/wael_ws/wael_package/install/wael_package/share/wael_package/environment/path.dsv
[0.446s] -- Up-to-date symlink: /home/wael/wael_ws/wael_package/install/wael_package/share/wael_package/local_setup.bash
[0.447s] -- Up-to-date symlink: /home/wael/wael_ws/wael_package/install/wael_package/share/wael_package/local_setup.sh
[0.447s] -- Up-to-date symlink: /home/wael/wael_ws/wael_package/install/wael_package/share/wael_package/local_setup.zsh
[0.447s] -- Up-to-date symlink: /home/wael/wael_ws/wael_package/install/wael_package/share/wael_package/local_setup.dsv
[0.448s] -- Symlinking: /home/wael/wael_ws/wael_package/install/wael_package/share/wael_package/package.dsv
[0.458s] -- Up-to-date symlink: /home/wael/wael_ws/wael_package/install/wael_package/share/ament_index/resource_index/packages/wael_package
[0.458s] -- Up-to-date symlink: /home/wael/wael_ws/wael_package/install/wael_package/share/wael_package/cmake/wael_packageConfig.cmake
[0.458s] -- Up-to-date symlink: /home/wael/wael_ws/wael_package/install/wael_package/share/wael_package/cmake/wael_packageConfig-version.cmake
[0.459s] -- Up-to-date symlink: /home/wael/wael_ws/wael_package/install/wael_package/share/wael_package/package.xml
[0.461s] Invoked command in '/home/wael/wael_ws/wael_package/build/wael_package' returned '0': CMAKE_PREFIX_PATH=${CMAKE_PREFIX_PATH}:/opt/ros/humble /usr/bin/cmake --install /home/wael/wael_ws/wael_package/build/wael_package
