[0.080s] Invoking command in '/home/wael/wael_ws/wael_package/build/wael_package': CMAKE_PREFIX_PATH=${CMAKE_PREFIX_PATH}:/opt/ros/humble /usr/bin/cmake /home/wael/wael_ws/wael_package -DCMAKE_INSTALL_PREFIX=/home/wael/wael_ws/wael_package/install/wael_package
[0.093s] -- Found ament_cmake: 1.3.5 (/opt/ros/humble/share/ament_cmake/cmake)
[0.235s] -- Override CMake install command with custom implementation using symlinks instead of copying resources
[0.243s] -- Found ament_lint_auto: 0.12.8 (/opt/ros/humble/share/ament_lint_auto/cmake)
[0.358s] -- Added test 'cppcheck' to perform static code analysis on C / C++ code
[0.358s] -- Configured cppcheck include dirs: 
[0.358s] -- Configured cppcheck exclude dirs and/or files: 
[0.363s] -- Added test 'flake8' to check Python code syntax and style conventions
[0.373s] -- Added test 'lint_cmake' to check CMake code style
[0.379s] -- Added test 'pep257' to check Python code against some of the docstring style conventions in PEP 257
[0.418s] -- Added test 'uncrustify' to check C / C++ code style
[0.418s] -- Configured uncrustify additional arguments: 
[0.423s] -- Added test 'xmllint' to check XML markup files
[0.424s] -- Configuring done
[0.428s] -- Generating done
[0.429s] -- Build files have been written to: /home/wael/wael_ws/wael_package/build/wael_package
[0.433s] Invoked command in '/home/wael/wael_ws/wael_package/build/wael_package' returned '0': CMAKE_PREFIX_PATH=${CMAKE_PREFIX_PATH}:/opt/ros/humble /usr/bin/cmake /home/wael/wael_ws/wael_package -DCMAKE_INSTALL_PREFIX=/home/wael/wael_ws/wael_package/install/wael_package
[0.436s] Invoking command in '/home/wael/wael_ws/wael_package/build/wael_package': CMAKE_PREFIX_PATH=${CMAKE_PREFIX_PATH}:/opt/ros/humble /usr/bin/cmake --build /home/wael/wael_ws/wael_package/build/wael_package -- -j4 -l4
[0.475s] Invoked command in '/home/wael/wael_ws/wael_package/build/wael_package' returned '0': CMAKE_PREFIX_PATH=${CMAKE_PREFIX_PATH}:/opt/ros/humble /usr/bin/cmake --build /home/wael/wael_ws/wael_package/build/wael_package -- -j4 -l4
[0.507s] Invoking command in '/home/wael/wael_ws/wael_package/build/wael_package': CMAKE_PREFIX_PATH=${CMAKE_PREFIX_PATH}:/opt/ros/humble /usr/bin/cmake --install /home/wael/wael_ws/wael_package/build/wael_package
[0.516s] -- Install configuration: ""
[0.516s] -- Execute custom install script
[0.517s] -- Up-to-date symlink: /home/wael/wael_ws/wael_package/install/wael_package/share/wael_package/src/description/new_fyp (copy).urdf
[0.517s] -- Up-to-date symlink: /home/wael/wael_ws/wael_package/install/wael_package/share/wael_package/src/description/new_fyp.urdf
[0.517s] -- Up-to-date symlink: /home/wael/wael_ws/wael_package/install/wael_package/share/wael_package/src/urdf/fyp_kal_robot_description.urdf
[0.517s] -- Up-to-date symlink: /home/wael/wael_ws/wael_package/install/wael_package/share/wael_package/src/urdf/kal_gazebo.xacro
[0.517s] -- Up-to-date symlink: /home/wael/wael_ws/wael_package/install/wael_package/share/wael_package/launch/new.display.launch.py
[0.518s] -- Up-to-date symlink: /home/wael/wael_ws/wael_package/install/wael_package/share/wael_package/launch/old/display.launch.py
[0.518s] -- Up-to-date symlink: /home/wael/wael_ws/wael_package/install/wael_package/share/wael_package/launch/old/display.launch2.py
[0.518s] -- Up-to-date symlink: /home/wael/wael_ws/wael_package/install/wael_package/share/wael_package/rviz/urdf_config.rviz
[0.518s] -- Up-to-date symlink: /home/wael/wael_ws/wael_package/install/wael_package/share/wael_package/config/ekf.yaml
[0.518s] -- Up-to-date symlink: /home/wael/wael_ws/wael_package/install/wael_package/share/ament_index/resource_index/package_run_dependencies/wael_package
[0.519s] -- Up-to-date symlink: /home/wael/wael_ws/wael_package/install/wael_package/share/ament_index/resource_index/parent_prefix_path/wael_package
[0.519s] -- Up-to-date symlink: /home/wael/wael_ws/wael_package/install/wael_package/share/wael_package/environment/ament_prefix_path.sh
[0.519s] -- Up-to-date symlink: /home/wael/wael_ws/wael_package/install/wael_package/share/wael_package/environment/ament_prefix_path.dsv
[0.519s] -- Up-to-date symlink: /home/wael/wael_ws/wael_package/install/wael_package/share/wael_package/environment/path.sh
[0.520s] -- Up-to-date symlink: /home/wael/wael_ws/wael_package/install/wael_package/share/wael_package/environment/path.dsv
[0.520s] -- Up-to-date symlink: /home/wael/wael_ws/wael_package/install/wael_package/share/wael_package/local_setup.bash
[0.520s] -- Up-to-date symlink: /home/wael/wael_ws/wael_package/install/wael_package/share/wael_package/local_setup.sh
[0.520s] -- Up-to-date symlink: /home/wael/wael_ws/wael_package/install/wael_package/share/wael_package/local_setup.zsh
[0.520s] -- Up-to-date symlink: /home/wael/wael_ws/wael_package/install/wael_package/share/wael_package/local_setup.dsv
[0.521s] -- Symlinking: /home/wael/wael_ws/wael_package/install/wael_package/share/wael_package/package.dsv
[0.531s] -- Up-to-date symlink: /home/wael/wael_ws/wael_package/install/wael_package/share/ament_index/resource_index/packages/wael_package
[0.531s] -- Up-to-date symlink: /home/wael/wael_ws/wael_package/install/wael_package/share/wael_package/cmake/wael_packageConfig.cmake
[0.531s] -- Up-to-date symlink: /home/wael/wael_ws/wael_package/install/wael_package/share/wael_package/cmake/wael_packageConfig-version.cmake
[0.531s] -- Up-to-date symlink: /home/wael/wael_ws/wael_package/install/wael_package/share/wael_package/package.xml
[0.533s] Invoked command in '/home/wael/wael_ws/wael_package/build/wael_package' returned '0': CMAKE_PREFIX_PATH=${CMAKE_PREFIX_PATH}:/opt/ros/humble /usr/bin/cmake --install /home/wael/wael_ws/wael_package/build/wael_package
