[0.039s] Invoking command in '/home/wael/wael_ws/wael_package/build/wael_package': /usr/bin/cmake --build /home/wael/wael_ws/wael_package/build/wael_package -- -j4 -l4
[0.075s] Invoked command in '/home/wael/wael_ws/wael_package/build/wael_package' returned '0': /usr/bin/cmake --build /home/wael/wael_ws/wael_package/build/wael_package -- -j4 -l4
[0.105s] Invoking command in '/home/wael/wael_ws/wael_package/build/wael_package': /usr/bin/cmake --install /home/wael/wael_ws/wael_package/build/wael_package
[0.114s] -- Install configuration: ""
[0.114s] -- Up-to-date: /home/wael/wael_ws/wael_package/install/wael_package/share/wael_package/src
[0.114s] -- Up-to-date: /home/wael/wael_ws/wael_package/install/wael_package/share/wael_package/src/urdf
[0.115s] -- Up-to-date: /home/wael/wael_ws/wael_package/install/wael_package/share/wael_package/src/urdf/fyp_kal_robot_description.urdf
[0.115s] -- Up-to-date: /home/wael/wael_ws/wael_package/install/wael_package/share/wael_package/src/urdf/kal_gazebo.xacro
[0.115s] -- Up-to-date: /home/wael/wael_ws/wael_package/install/wael_package/share/wael_package/launch
[0.115s] -- Up-to-date: /home/wael/wael_ws/wael_package/install/wael_package/share/wael_package/launch/display.launch2.py
[0.115s] -- Up-to-date: /home/wael/wael_ws/wael_package/install/wael_package/share/wael_package/launch/display.launch.py
[0.115s] -- Up-to-date: /home/wael/wael_ws/wael_package/install/wael_package/share/wael_package/rviz
[0.115s] -- Up-to-date: /home/wael/wael_ws/wael_package/install/wael_package/share/wael_package/rviz/urdf_config.rviz
[0.115s] -- Up-to-date: /home/wael/wael_ws/wael_package/install/wael_package/share/ament_index/resource_index/package_run_dependencies/wael_package
[0.115s] -- Up-to-date: /home/wael/wael_ws/wael_package/install/wael_package/share/ament_index/resource_index/parent_prefix_path/wael_package
[0.115s] -- Up-to-date: /home/wael/wael_ws/wael_package/install/wael_package/share/wael_package/environment/ament_prefix_path.sh
[0.115s] -- Up-to-date: /home/wael/wael_ws/wael_package/install/wael_package/share/wael_package/environment/ament_prefix_path.dsv
[0.116s] -- Up-to-date: /home/wael/wael_ws/wael_package/install/wael_package/share/wael_package/environment/path.sh
[0.116s] -- Up-to-date: /home/wael/wael_ws/wael_package/install/wael_package/share/wael_package/environment/path.dsv
[0.116s] -- Up-to-date: /home/wael/wael_ws/wael_package/install/wael_package/share/wael_package/local_setup.bash
[0.116s] -- Up-to-date: /home/wael/wael_ws/wael_package/install/wael_package/share/wael_package/local_setup.sh
[0.116s] -- Up-to-date: /home/wael/wael_ws/wael_package/install/wael_package/share/wael_package/local_setup.zsh
[0.116s] -- Up-to-date: /home/wael/wael_ws/wael_package/install/wael_package/share/wael_package/local_setup.dsv
[0.116s] -- Installing: /home/wael/wael_ws/wael_package/install/wael_package/share/wael_package/package.dsv
[0.116s] -- Up-to-date: /home/wael/wael_ws/wael_package/install/wael_package/share/ament_index/resource_index/packages/wael_package
[0.116s] -- Up-to-date: /home/wael/wael_ws/wael_package/install/wael_package/share/wael_package/cmake/wael_packageConfig.cmake
[0.116s] -- Up-to-date: /home/wael/wael_ws/wael_package/install/wael_package/share/wael_package/cmake/wael_packageConfig-version.cmake
[0.117s] -- Up-to-date: /home/wael/wael_ws/wael_package/install/wael_package/share/wael_package/package.xml
[0.117s] Invoked command in '/home/wael/wael_ws/wael_package/build/wael_package' returned '0': /usr/bin/cmake --install /home/wael/wael_ws/wael_package/build/wael_package
